Flow report for Car2X
Mon Aug 04 15:06:58 2014
Quartus II 32-bit Version 12.1 Build 177 11/07/2012 SJ Web Edition


---------------------
; Table of Contents ;
---------------------
  1. Legal Notice
  2. Flow Summary
  3. Flow Settings
  4. Flow Non-Default Global Settings
  5. Flow Elapsed Time
  6. Flow OS Summary
  7. Flow Log



----------------
; Legal Notice ;
----------------
Copyright (C) 1991-2012 Altera Corporation
Your use of Altera Corporation's design tools, logic functions 
and other software and tools, and its AMPP partner logic 
functions, and any output files from any of the foregoing 
(including device programming or simulation files), and any 
associated documentation or information are expressly subject 
to the terms and conditions of the Altera Program License 
Subscription Agreement, Altera MegaCore Function License 
Agreement, or other applicable license agreement, including, 
without limitation, that your use is for the sole purpose of 
programming logic devices manufactured by Altera and sold by 
Altera or its authorized distributors.  Please refer to the 
applicable agreement for further details.



+-------------------------------------------------------------------------------+
; Flow Summary                                                                  ;
+------------------------------------+------------------------------------------+
; Flow Status                        ; Successful - Mon Aug 04 15:06:33 2014    ;
; Quartus II 32-bit Version          ; 12.1 Build 177 11/07/2012 SJ Web Edition ;
; Revision Name                      ; Car2X                                    ;
; Top-level Entity Name              ; Car2X                                    ;
; Family                             ; Cyclone IV E                             ;
; Device                             ; EP4CE115F29C7                            ;
; Timing Models                      ; Final                                    ;
; Total logic elements               ; 16,248 / 114,480 ( 14 % )                ;
;     Total combinational functions  ; 12,382 / 114,480 ( 11 % )                ;
;     Dedicated logic registers      ; 10,758 / 114,480 ( 9 % )                 ;
; Total registers                    ; 10888                                    ;
; Total pins                         ; 77 / 529 ( 15 % )                        ;
; Total virtual pins                 ; 0                                        ;
; Total memory bits                  ; 3,285,666 / 3,981,312 ( 83 % )           ;
; Embedded Multiplier 9-bit elements ; 8 / 532 ( 2 % )                          ;
; Total PLLs                         ; 2 / 4 ( 50 % )                           ;
+------------------------------------+------------------------------------------+


+-----------------------------------------+
; Flow Settings                           ;
+-------------------+---------------------+
; Option            ; Setting             ;
+-------------------+---------------------+
; Start date & time ; 08/04/2014 14:58:34 ;
; Main task         ; Compilation         ;
; Revision Name     ; Car2X               ;
+-------------------+---------------------+


+------------------------------------------------------------------------------------------------------------------------+
; Flow Non-Default Global Settings                                                                                       ;
+-------------------------------------+---------------------------------------+---------------+-------------+------------+
; Assignment Name                     ; Value                                 ; Default Value ; Entity Name ; Section Id ;
+-------------------------------------+---------------------------------------+---------------+-------------+------------+
; COMPILER_SIGNATURE_ID               ; 154414185874921.140715711407596       ; --            ; --          ; --         ;
; IP_TOOL_NAME                        ; ALTPLL                                ; --            ; --          ; --         ;
; IP_TOOL_NAME                        ; ALTDDIO_OUT                           ; --            ; --          ; --         ;
; IP_TOOL_NAME                        ; ALTPLL                                ; --            ; --          ; --         ;
; IP_TOOL_VERSION                     ; 12.1                                  ; --            ; --          ; --         ;
; IP_TOOL_VERSION                     ; 12.1                                  ; --            ; --          ; --         ;
; IP_TOOL_VERSION                     ; 12.1                                  ; --            ; --          ; --         ;
; MAX_CORE_JUNCTION_TEMP              ; 85                                    ; --            ; --          ; --         ;
; MIN_CORE_JUNCTION_TEMP              ; 0                                     ; --            ; --          ; --         ;
; MISC_FILE                           ; tse_pll.ppf                           ; --            ; --          ; --         ;
; MISC_FILE                           ; tse_ddio_out.ppf                      ; --            ; --          ; --         ;
; MISC_FILE                           ; sdram_pll.bsf                         ; --            ; --          ; --         ;
; MISC_FILE                           ; sdram_pll.ppf                         ; --            ; --          ; --         ;
; NOMINAL_CORE_SUPPLY_VOLTAGE         ; 1.2V                                  ; --            ; --          ; --         ;
; PARTITION_COLOR                     ; 16764057                              ; --            ; --          ; Top        ;
; PARTITION_FITTER_PRESERVATION_LEVEL ; PLACEMENT_AND_ROUTING                 ; --            ; --          ; Top        ;
; PARTITION_NETLIST_TYPE              ; SOURCE                                ; --            ; --          ; Top        ;
; POWER_BOARD_THERMAL_MODEL           ; None (CONSERVATIVE)                   ; --            ; --          ; --         ;
; POWER_PRESET_COOLING_SOLUTION       ; 23 MM HEAT SINK WITH 200 LFPM AIRFLOW ; --            ; --          ; --         ;
; PROJECT_OUTPUT_DIRECTORY            ; output_files                          ; --            ; --          ; --         ;
; SEARCH_PATH                         ; c:/tse_tutorial                       ; --            ; --          ; --         ;
+-------------------------------------+---------------------------------------+---------------+-------------+------------+


+-------------------------------------------------------------------------------------------------------------------------------+
; Flow Elapsed Time                                                                                                             ;
+---------------------------+--------------+-------------------------+---------------------+------------------------------------+
; Module Name               ; Elapsed Time ; Average Processors Used ; Peak Virtual Memory ; Total CPU Time (on all processors) ;
+---------------------------+--------------+-------------------------+---------------------+------------------------------------+
; Analysis & Synthesis      ; 00:03:24     ; 1.0                     ; 649 MB              ; 00:02:35                           ;
; Fitter                    ; 00:04:07     ; 1.0                     ; 837 MB              ; 00:04:07                           ;
; Assembler                 ; 00:00:09     ; 1.0                     ; 425 MB              ; 00:00:09                           ;
; TimeQuest Timing Analyzer ; 00:00:23     ; 1.0                     ; 619 MB              ; 00:00:23                           ;
; Total                     ; 00:08:03     ; --                      ; --                  ; 00:07:14                           ;
+---------------------------+--------------+-------------------------+---------------------+------------------------------------+


+----------------------------------------------------------------------------------------+
; Flow OS Summary                                                                        ;
+---------------------------+------------------+-----------+------------+----------------+
; Module Name               ; Machine Hostname ; OS Name   ; OS Version ; Processor type ;
+---------------------------+------------------+-----------+------------+----------------+
; Analysis & Synthesis      ; Arzyfex-PC       ; Windows 7 ; 6.2        ; x86_64         ;
; Fitter                    ; Arzyfex-PC       ; Windows 7 ; 6.2        ; x86_64         ;
; Assembler                 ; Arzyfex-PC       ; Windows 7 ; 6.2        ; x86_64         ;
; TimeQuest Timing Analyzer ; Arzyfex-PC       ; Windows 7 ; 6.2        ; x86_64         ;
+---------------------------+------------------+-----------+------------+----------------+


------------
; Flow Log ;
------------
quartus_map --read_settings_files=on --write_settings_files=off Car2X -c Car2X
quartus_fit --read_settings_files=off --write_settings_files=off Car2X -c Car2X
quartus_asm --read_settings_files=off --write_settings_files=off Car2X -c Car2X
quartus_sta Car2X -c Car2X



