Flow report for myfirst_niosii
Mon May 12 15:10:16 2014
Quartus II 32-bit Version 12.1 Build 177 11/07/2012 SJ Web Edition


---------------------
; Table of Contents ;
---------------------
  1. Legal Notice
  2. Flow Summary
  3. Flow Settings
  4. Flow Non-Default Global Settings
  5. Flow Elapsed Time
  6. Flow OS Summary
  7. Flow Log



----------------
; Legal Notice ;
----------------
Copyright (C) 1991-2012 Altera Corporation
Your use of Altera Corporation's design tools, logic functions 
and other software and tools, and its AMPP partner logic 
functions, and any output files from any of the foregoing 
(including device programming or simulation files), and any 
associated documentation or information are expressly subject 
to the terms and conditions of the Altera Program License 
Subscription Agreement, Altera MegaCore Function License 
Agreement, or other applicable license agreement, including, 
without limitation, that your use is for the sole purpose of 
programming logic devices manufactured by Altera and sold by 
Altera or its authorized distributors.  Please refer to the 
applicable agreement for further details.



+-------------------------------------------------------------------------------+
; Flow Summary                                                                  ;
+------------------------------------+------------------------------------------+
; Flow Status                        ; Successful - Mon May 12 15:09:58 2014    ;
; Quartus II 32-bit Version          ; 12.1 Build 177 11/07/2012 SJ Web Edition ;
; Revision Name                      ; myfirst_niosii                           ;
; Top-level Entity Name              ; myfirst_niosii                           ;
; Family                             ; Cyclone IV E                             ;
; Device                             ; EP4CE115F29C7                            ;
; Timing Models                      ; Final                                    ;
; Total logic elements               ; 3,159 / 114,480 ( 3 % )                  ;
;     Total combinational functions  ; 2,855 / 114,480 ( 2 % )                  ;
;     Dedicated logic registers      ; 1,817 / 114,480 ( 2 % )                  ;
; Total registers                    ; 1817                                     ;
; Total pins                         ; 9 / 529 ( 2 % )                          ;
; Total virtual pins                 ; 0                                        ;
; Total memory bits                  ; 1,702,336 / 3,981,312 ( 43 % )           ;
; Embedded Multiplier 9-bit elements ; 4 / 532 ( < 1 % )                        ;
; Total PLLs                         ; 0 / 4 ( 0 % )                            ;
+------------------------------------+------------------------------------------+


+-----------------------------------------+
; Flow Settings                           ;
+-------------------+---------------------+
; Option            ; Setting             ;
+-------------------+---------------------+
; Start date & time ; 05/12/2014 15:06:06 ;
; Main task         ; Compilation         ;
; Revision Name     ; myfirst_niosii      ;
+-------------------+---------------------+


+-------------------------------------------------------------------------------------------------------------------+
; Flow Non-Default Global Settings                                                                                  ;
+-------------------------------------+---------------------------------+---------------+--------------+------------+
; Assignment Name                     ; Value                           ; Default Value ; Entity Name  ; Section Id ;
+-------------------------------------+---------------------------------+---------------+--------------+------------+
; COMPILER_SIGNATURE_ID               ; 119169994604805.139989996508056 ; --            ; --           ; --         ;
; IP_TOOL_ENV                         ; sopc                            ; --            ; DE2_115_SOPC ; --         ;
; IP_TOOL_NAME                        ; sopc                            ; --            ; DE2_115_SOPC ; --         ;
; IP_TOOL_VERSION                     ; 12.1                            ; --            ; DE2_115_SOPC ; --         ;
; MAX_CORE_JUNCTION_TEMP              ; 85                              ; --            ; --           ; --         ;
; MIN_CORE_JUNCTION_TEMP              ; 0                               ; --            ; --           ; --         ;
; NOMINAL_CORE_SUPPLY_VOLTAGE         ; 1.2V                            ; --            ; --           ; --         ;
; PARTITION_COLOR                     ; 16764057                        ; --            ; --           ; Top        ;
; PARTITION_FITTER_PRESERVATION_LEVEL ; PLACEMENT_AND_ROUTING           ; --            ; --           ; Top        ;
; PARTITION_NETLIST_TYPE              ; SOURCE                          ; --            ; --           ; Top        ;
; PROJECT_OUTPUT_DIRECTORY            ; output_files                    ; --            ; --           ; --         ;
; SOPC_BUILDER_SIGNATURE_ID           ; 78929C01CDCA00000145F087F6D6    ; --            ; --           ; --         ;
+-------------------------------------+---------------------------------+---------------+--------------+------------+


+-------------------------------------------------------------------------------------------------------------------------------+
; Flow Elapsed Time                                                                                                             ;
+---------------------------+--------------+-------------------------+---------------------+------------------------------------+
; Module Name               ; Elapsed Time ; Average Processors Used ; Peak Virtual Memory ; Total CPU Time (on all processors) ;
+---------------------------+--------------+-------------------------+---------------------+------------------------------------+
; Analysis & Synthesis      ; 00:01:11     ; 1.0                     ; 440 MB              ; 00:01:07                           ;
; Fitter                    ; 00:02:01     ; 1.0                     ; 628 MB              ; 00:01:58                           ;
; Assembler                 ; 00:00:23     ; 1.0                     ; 373 MB              ; 00:00:23                           ;
; TimeQuest Timing Analyzer ; 00:00:15     ; 1.0                     ; 459 MB              ; 00:00:13                           ;
; Total                     ; 00:03:50     ; --                      ; --                  ; 00:03:41                           ;
+---------------------------+--------------+-------------------------+---------------------+------------------------------------+


+----------------------------------------------------------------------------------------+
; Flow OS Summary                                                                        ;
+---------------------------+------------------+-----------+------------+----------------+
; Module Name               ; Machine Hostname ; OS Name   ; OS Version ; Processor type ;
+---------------------------+------------------+-----------+------------+----------------+
; Analysis & Synthesis      ; Hagen-Laptop     ; Windows 7 ; 6.1        ; x86_64         ;
; Fitter                    ; Hagen-Laptop     ; Windows 7 ; 6.1        ; x86_64         ;
; Assembler                 ; Hagen-Laptop     ; Windows 7 ; 6.1        ; x86_64         ;
; TimeQuest Timing Analyzer ; Hagen-Laptop     ; Windows 7 ; 6.1        ; x86_64         ;
+---------------------------+------------------+-----------+------------+----------------+


------------
; Flow Log ;
------------
quartus_map --read_settings_files=on --write_settings_files=off myfirst_niosii -c myfirst_niosii
quartus_fit --read_settings_files=off --write_settings_files=off myfirst_niosii -c myfirst_niosii
quartus_asm --read_settings_files=off --write_settings_files=off myfirst_niosii -c myfirst_niosii
quartus_sta myfirst_niosii -c myfirst_niosii



