Info: Starting: Create simulation model
Info: ip-generate --project-directory=C:/Users/Florian/Documents/GitHub/Car2X/hardware/ --output-directory=C:/Users/Florian/Documents/GitHub/Car2X/hardware/nios_system/carControl/simulation/ --file-set=SIM_VERILOG --report-file=sopcinfo:C:/Users/Florian/Documents/GitHub/Car2X/hardware/carControl.sopcinfo --report-file=html:C:/Users/Florian/Documents/GitHub/Car2X/hardware/carControl.html --report-file=sip:C:/Users/Florian/Documents/GitHub/Car2X/hardware/nios_system/carControl/simulation/carControl.sip --report-file=csv:C:/Users/Florian/Documents/GitHub/Car2X/hardware/carControl.csv --report-file=spd:C:/Users/Florian/Documents/GitHub/Car2X/hardware/carControl.spd --report-file=cmp:C:/Users/Florian/Documents/GitHub/Car2X/hardware/carControl.cmp --system-info=DEVICE_FAMILY="Cyclone IV E" --system-info=DEVICE=EP4CE115F29C7 --system-info=DEVICE_SPEEDGRADE=7 --component-file=C:/Users/Florian/Documents/GitHub/Car2X/hardware/carControl.qsys
Progress: Loading hardware/carControl.qsys
Progress: Reading input file
Progress: Adding sys_clk [clock_source 12.1]
Progress: Parameterizing module sys_clk
Progress: Adding carControl_nios2 [altera_nios2_qsys 12.1]
Progress: Parameterizing module carControl_nios2
Progress: Adding carControl_memory [altera_avalon_onchip_memory2 12.1]
Progress: Parameterizing module carControl_memory
Progress: Adding carControl_uart [altera_avalon_jtag_uart 12.1]
Progress: Parameterizing module carControl_uart
Progress: Adding mm_bridge_0 [altera_avalon_mm_bridge 12.1]
Progress: Parameterizing module mm_bridge_0
Progress: Building connections
Progress: Parameterizing connections
Progress: Validating
Progress: Done reading input file
Info: carControl.carControl_memory: Memory will be initialized from carControl_memory.hex
Info: carControl: Generating carControl "carControl" for SIM_VERILOG
Info: pipeline_bridge_swap_transform: After transform: 5 modules, 19 connections
Info: No custom instruction connections, skipping transform 
Info: merlin_translator_transform: After transform: 11 modules, 42 connections
Info: merlin_domain_transform: After transform: 22 modules, 110 connections
Info: merlin_router_transform: After transform: 28 modules, 133 connections
Info: merlin_traffic_limiter_transform: After transform: 29 modules, 138 connections
Info: reset_adaptation_transform: After transform: 31 modules, 116 connections
Info: merlin_network_to_switch_transform: After transform: 42 modules, 142 connections
Info: limiter_update_transform: After transform: 42 modules, 143 connections
Info: merlin_interrupt_mapper_transform: After transform: 43 modules, 146 connections
Info: carControl_nios2: Starting RTL generation for module 'carControl_carControl_nios2'
Info: carControl_nios2:   Generation command is [exec C:/altera/12.1/quartus/../ip/altera/nios2_ip/altera_nios2/eperl.exe -I C:/altera/12.1/quartus/common/ip/altera/common/perl/5.8.3 -I C:/altera/12.1/quartus/sopc_builder/bin/europa -I C:/altera/12.1/quartus/sopc_builder/bin/perl_lib -I C:/altera/12.1/quartus/sopc_builder/bin -I C:/altera/12.1/quartus/../ip/altera/nios2_ip/altera_nios2/cpu_lib -I C:/altera/12.1/quartus/../ip/altera/nios2_ip/altera_nios2/nios_lib -I C:/altera/12.1/quartus/../ip/altera/nios2_ip/altera_nios2 -I C:/altera/12.1/quartus/../ip/altera/nios2_ip/altera_nios2 -- C:/altera/12.1/quartus/../ip/altera/nios2_ip/altera_nios2/generate_rtl.epl --name=carControl_carControl_nios2 --dir=C:/Users/Florian/AppData/Local/Temp/alt6242_614552765460899819.dir/0425_carControl_nios2_gen/ --quartus_dir=C:/altera/12.1/quartus --verilog --config=C:/Users/Florian/AppData/Local/Temp/alt6242_614552765460899819.dir/0425_carControl_nios2_gen//carControl_carControl_nios2_processor_configuration.pl  --do_build_sim=1    --sim_dir=C:/Users/Florian/AppData/Local/Temp/alt6242_614552765460899819.dir/0425_carControl_nios2_gen/    --bogus  ]
Info: carControl_nios2: # 2014.06.21 12:51:28 (*) Starting Nios II generation
Info: carControl_nios2: # 2014.06.21 12:51:28 (*)   Checking for plaintext license.
Info: carControl_nios2: # 2014.06.21 12:51:28 (*)   Couldn't query license setup in Quartus directory C:/altera/12.1/quartus
Info: carControl_nios2: # 2014.06.21 12:51:28 (*)   Defaulting to contents of LM_LICENSE_FILE environment variable
Info: carControl_nios2: # 2014.06.21 12:51:28 (*)   LM_LICENSE_FILE environment variable is empty
Info: carControl_nios2: # 2014.06.21 12:51:28 (*)   Plaintext license not found.
Info: carControl_nios2: # 2014.06.21 12:51:28 (*)   Checking for encrypted license (non-evaluation).
Info: carControl_nios2: # 2014.06.21 12:51:28 (*)   Couldn't query license setup in Quartus directory C:/altera/12.1/quartus
Info: carControl_nios2: # 2014.06.21 12:51:28 (*)   Defaulting to contents of LM_LICENSE_FILE environment variable
Info: carControl_nios2: # 2014.06.21 12:51:28 (*)   LM_LICENSE_FILE environment variable is empty
Info: carControl_nios2: # 2014.06.21 12:51:28 (*)   Encrypted license not found.  Defaulting to OCP evaluation license (produces a time-limited SOF)
Info: carControl_nios2: # 2014.06.21 12:51:28 (*)   Elaborating CPU configuration settings
Info: carControl_nios2: # 2014.06.21 12:51:28 (*)   Creating all objects for CPU
Info: carControl_nios2: # 2014.06.21 12:51:29 (*)     Pipeline frontend
Info: carControl_nios2: # 2014.06.21 12:51:30 (*)   Creating 'C:/Users/Florian/AppData/Local/Temp/alt6242_614552765460899819.dir/0425_carControl_nios2_gen//carControl_carControl_nios2.do'
Info: carControl_nios2: # 2014.06.21 12:51:30 (*)   Generating RTL from CPU objects
Info: carControl_nios2: # 2014.06.21 12:51:34 (*)   Creating encrypted RTL
Info: carControl_nios2: # 2014.06.21 12:51:35 (*)   Creating IP functional simulation model
Info: carControl_nios2: # 2014.06.21 12:51:40 (*) Done Nios II generation
Info: carControl_nios2: Done RTL generation for module 'carControl_carControl_nios2'
Info: carControl_nios2: "carControl" instantiated altera_nios2_qsys "carControl_nios2"
Info: Starting classic module elaboration.
Qt: Untested Windows version 6.2 detected!
"c:/altera/12.1/quartus/bin/jre/bin/java.exe" -Xmx512M -classpath "c:/altera/12.1/quartus/sopc_builder/bin/sopc_builder.jar;c:/altera/12.1/quartus/sopc_builder/bin/PinAssigner.jar;c:/altera/12.1/quartus/sopc_builder/bin/sopc_wizard.jar;c:/altera/12.1/quartus/sopc_builder/bin/jptf.jar" sopc_builder.sopc_builder  -d"c:/altera/12.1/quartus/sopc_builder" -notalkback=1 -projectnameyysystem.qpf -projectpathC:/Users/Florian/AppData/Local/Temp/alt6242_614552765460899819.dir/0426_sopclgen  --no_splash --refresh C:/Users/Florian/AppData/Local/Temp/alt6242_614552765460899819.dir/0426_sopclgen/yysystem.v --quartus_dir="c:/altera/12.1/quartus" --sopc_perl="c:/altera/12.1/quartus/bin/perl" --sopc_lib_path="++c:/altera/12.1/quartus/../ip/altera/sopc_builder_ip+c:/altera/12.1/quartus/../ip/altera/nios2_ip"
Info: Finished elaborating classic module.
Executing: C:/altera/12.1/quartus//sopc_builder/bin/sopc_builder --classic --generate C:/Users/Florian/AppData/Local/Temp/alt6242_614552765460899819.dir/0426_sopclgen/yysystem.ptf
Info: Running sopc_builder...
Qt: Untested Windows version 6.2 detected!
"c:/altera/12.1/quartus/bin/jre/bin/java.exe" -Xmx512M -classpath "c:/altera/12.1/quartus/sopc_builder/bin/sopc_builder.jar;c:/altera/12.1/quartus/sopc_builder/bin/PinAssigner.jar;c:/altera/12.1/quartus/sopc_builder/bin/sopc_wizard.jar;c:/altera/12.1/quartus/sopc_builder/bin/jptf.jar" sopc_builder.sopc_builder  -d"c:/altera/12.1/quartus/sopc_builder" -notalkback=1 -projectnameyysystem.qpf -projectpathC:/Users/Florian/AppData/Local/Temp/alt6242_614552765460899819.dir/0426_sopclgen  --generate C:/Users/Florian/AppData/Local/Temp/alt6242_614552765460899819.dir/0426_sopclgen/yysystem.v --quartus_dir="c:/altera/12.1/quartus" --sopc_perl="c:/altera/12.1/quartus/bin/perl" --sopc_lib_path="++c:/altera/12.1/quartus/../ip/altera/sopc_builder_ip+c:/altera/12.1/quartus/../ip/altera/nios2_ip"
No .sopc_builder configuration file(!)
.
# 2014.06.21 12:51:46 (*) Success: sopc_builder finished.
Info: carControl_memory: "carControl" instantiated altera_avalon_onchip_memory2 "carControl_memory"
Info: Starting classic module elaboration.
Qt: Untested Windows version 6.2 detected!
"c:/altera/12.1/quartus/bin/jre/bin/java.exe" -Xmx512M -classpath "c:/altera/12.1/quartus/sopc_builder/bin/sopc_builder.jar;c:/altera/12.1/quartus/sopc_builder/bin/PinAssigner.jar;c:/altera/12.1/quartus/sopc_builder/bin/sopc_wizard.jar;c:/altera/12.1/quartus/sopc_builder/bin/jptf.jar" sopc_builder.sopc_builder  -d"c:/altera/12.1/quartus/sopc_builder" -notalkback=1 -projectnameyysystem.qpf -projectpathC:/Users/Florian/AppData/Local/Temp/alt6242_614552765460899819.dir/0427_sopclgen  --no_splash --refresh C:/Users/Florian/AppData/Local/Temp/alt6242_614552765460899819.dir/0427_sopclgen/yysystem.v --quartus_dir="c:/altera/12.1/quartus" --sopc_perl="c:/altera/12.1/quartus/bin/perl" --sopc_lib_path="++c:/altera/12.1/quartus/../ip/altera/sopc_builder_ip+c:/altera/12.1/quartus/../ip/altera/nios2_ip"
Info: Finished elaborating classic module.
Executing: C:/altera/12.1/quartus//sopc_builder/bin/sopc_builder --classic --generate C:/Users/Florian/AppData/Local/Temp/alt6242_614552765460899819.dir/0427_sopclgen/yysystem.ptf
Info: Running sopc_builder...
Qt: Untested Windows version 6.2 detected!
"c:/altera/12.1/quartus/bin/jre/bin/java.exe" -Xmx512M -classpath "c:/altera/12.1/quartus/sopc_builder/bin/sopc_builder.jar;c:/altera/12.1/quartus/sopc_builder/bin/PinAssigner.jar;c:/altera/12.1/quartus/sopc_builder/bin/sopc_wizard.jar;c:/altera/12.1/quartus/sopc_builder/bin/jptf.jar" sopc_builder.sopc_builder  -d"c:/altera/12.1/quartus/sopc_builder" -notalkback=1 -projectnameyysystem.qpf -projectpathC:/Users/Florian/AppData/Local/Temp/alt6242_614552765460899819.dir/0427_sopclgen  --generate C:/Users/Florian/AppData/Local/Temp/alt6242_614552765460899819.dir/0427_sopclgen/yysystem.v --quartus_dir="c:/altera/12.1/quartus" --sopc_perl="c:/altera/12.1/quartus/bin/perl" --sopc_lib_path="++c:/altera/12.1/quartus/../ip/altera/sopc_builder_ip+c:/altera/12.1/quartus/../ip/altera/nios2_ip"
No .sopc_builder configuration file(!)
.
# 2014.06.21 12:51:51 (*) Success: sopc_builder finished.
Info: carControl_uart: "carControl" instantiated altera_avalon_jtag_uart "carControl_uart"
Info: mm_bridge_0: "carControl" instantiated altera_avalon_mm_bridge "mm_bridge_0"
Info: carControl_nios2_data_master_translator: "carControl" instantiated altera_merlin_master_translator "carControl_nios2_data_master_translator"
Info: carControl_memory_s1_translator: "carControl" instantiated altera_merlin_slave_translator "carControl_memory_s1_translator"
Info: carControl_nios2_data_master_translator_avalon_universal_master_0_agent: "carControl" instantiated altera_merlin_master_agent "carControl_nios2_data_master_translator_avalon_universal_master_0_agent"
Info: carControl_memory_s1_translator_avalon_universal_slave_0_agent: "carControl" instantiated altera_merlin_slave_agent "carControl_memory_s1_translator_avalon_universal_slave_0_agent"
Info: carControl_memory_s1_translator_avalon_universal_slave_0_agent_rsp_fifo: "carControl" instantiated altera_avalon_sc_fifo "carControl_memory_s1_translator_avalon_universal_slave_0_agent_rsp_fifo"
Info: addr_router: "carControl" instantiated altera_merlin_router "addr_router"
Info: addr_router_001: "carControl" instantiated altera_merlin_router "addr_router_001"
Info: id_router: "carControl" instantiated altera_merlin_router "id_router"
Info: id_router_002: "carControl" instantiated altera_merlin_router "id_router_002"
Info: limiter: "carControl" instantiated altera_merlin_traffic_limiter "limiter"
Info: rst_controller: "carControl" instantiated altera_reset_controller "rst_controller"
Info: cmd_xbar_demux: "carControl" instantiated altera_merlin_demultiplexer "cmd_xbar_demux"
Info: cmd_xbar_demux_001: "carControl" instantiated altera_merlin_demultiplexer "cmd_xbar_demux_001"
Info: cmd_xbar_mux: "carControl" instantiated altera_merlin_multiplexer "cmd_xbar_mux"
Info: rsp_xbar_demux: "carControl" instantiated altera_merlin_demultiplexer "rsp_xbar_demux"
Info: rsp_xbar_demux_002: "carControl" instantiated altera_merlin_demultiplexer "rsp_xbar_demux_002"
Info: rsp_xbar_mux: "carControl" instantiated altera_merlin_multiplexer "rsp_xbar_mux"
Info: Reusing file C:/Users/Florian/Documents/GitHub/Car2X/hardware/nios_system/carControl/simulation/submodules/altera_merlin_arbitrator.sv
Info: rsp_xbar_mux_001: "carControl" instantiated altera_merlin_multiplexer "rsp_xbar_mux_001"
Info: Reusing file C:/Users/Florian/Documents/GitHub/Car2X/hardware/nios_system/carControl/simulation/submodules/altera_merlin_arbitrator.sv
Info: irq_mapper: "carControl" instantiated altera_irq_mapper "irq_mapper"
Info: carControl: Done carControl" with 24 modules, 77 files, 1916548 bytes
Info: ip-generate succeeded.
Info: Finished: Create simulation model
Info: Starting: Create Modelsim Project.
Info: sim-script-gen --spd=C:/Users/Florian/Documents/GitHub/Car2X/hardware/carControl.spd --output-directory=C:/Users/Florian/Documents/GitHub/Car2X/hardware/nios_system/carControl/simulation/
Info: Doing: ip-make-simscript --spd=C:/Users/Florian/Documents/GitHub/Car2X/hardware/carControl.spd --output-directory=C:/Users/Florian/Documents/GitHub/Car2X/hardware/nios_system/carControl/simulation/
Info: Generating the following file(s) for MODELSIM simulator in C:/Users/Florian/Documents/GitHub/Car2X/hardware/nios_system/carControl/simulation/ directory:
Info: 	mentor/msim_setup.tcl
Info: Generating the following file(s) for VCS simulator in C:/Users/Florian/Documents/GitHub/Car2X/hardware/nios_system/carControl/simulation/ directory:
Info: 	synopsys/vcs/vcs_setup.sh
Info: Generating the following file(s) for VCSMX simulator in C:/Users/Florian/Documents/GitHub/Car2X/hardware/nios_system/carControl/simulation/ directory:
Info: 	synopsys/vcsmx/synopsys_sim.setup
Info: 	synopsys/vcsmx/vcsmx_setup.sh
Info: Generating the following file(s) for NCSIM simulator in C:/Users/Florian/Documents/GitHub/Car2X/hardware/nios_system/carControl/simulation/ directory:
Info: 	cadence/cds.lib
Info: 	cadence/hdl.var
Info: 	cadence/ncsim_setup.sh
Info: 	23 .cds.lib files in cadence/cds_libs/ directory
Info: Generating the following file(s) for RIVIERAPRO simulator in C:/Users/Florian/Documents/GitHub/Car2X/hardware/nios_system/carControl/simulation/ directory:
Info: 	aldec/rivierapro_setup.tcl
Info: Finished: Create Modelsim Project.
Info: 
Info: Starting: Create HDL design files for synthesis
Info: ip-generate --project-directory=C:/Users/Florian/Documents/GitHub/Car2X/hardware/ --output-directory=C:/Users/Florian/Documents/GitHub/Car2X/hardware/nios_system/carControl/synthesis/ --file-set=QUARTUS_SYNTH --report-file=sopcinfo:C:/Users/Florian/Documents/GitHub/Car2X/hardware/carControl.sopcinfo --report-file=html:C:/Users/Florian/Documents/GitHub/Car2X/hardware/carControl.html --report-file=qip:C:/Users/Florian/Documents/GitHub/Car2X/hardware/nios_system/carControl/synthesis/carControl.qip --report-file=cmp:C:/Users/Florian/Documents/GitHub/Car2X/hardware/carControl.cmp --system-info=DEVICE_FAMILY="Cyclone IV E" --system-info=DEVICE=EP4CE115F29C7 --system-info=DEVICE_SPEEDGRADE=7 --component-file=C:/Users/Florian/Documents/GitHub/Car2X/hardware/carControl.qsys
Progress: Loading hardware/carControl.qsys
Progress: Reading input file
Progress: Adding sys_clk [clock_source 12.1]
Progress: Parameterizing module sys_clk
Progress: Adding carControl_nios2 [altera_nios2_qsys 12.1]
Progress: Parameterizing module carControl_nios2
Progress: Adding carControl_memory [altera_avalon_onchip_memory2 12.1]
Progress: Parameterizing module carControl_memory
Progress: Adding carControl_uart [altera_avalon_jtag_uart 12.1]
Progress: Parameterizing module carControl_uart
Progress: Adding mm_bridge_0 [altera_avalon_mm_bridge 12.1]
Progress: Parameterizing module mm_bridge_0
Progress: Building connections
Progress: Parameterizing connections
Progress: Validating
Progress: Done reading input file
Info: carControl.carControl_memory: Memory will be initialized from carControl_memory.hex
Info: carControl: Generating carControl "carControl" for QUARTUS_SYNTH
Info: pipeline_bridge_swap_transform: After transform: 5 modules, 19 connections
Info: No custom instruction connections, skipping transform 
Info: merlin_translator_transform: After transform: 11 modules, 42 connections
Info: merlin_domain_transform: After transform: 22 modules, 110 connections
Info: merlin_router_transform: After transform: 28 modules, 133 connections
Info: merlin_traffic_limiter_transform: After transform: 29 modules, 138 connections
Info: reset_adaptation_transform: After transform: 31 modules, 116 connections
Info: merlin_network_to_switch_transform: After transform: 42 modules, 142 connections
Info: limiter_update_transform: After transform: 42 modules, 143 connections
Info: merlin_interrupt_mapper_transform: After transform: 43 modules, 146 connections
Info: carControl_nios2: Starting RTL generation for module 'carControl_carControl_nios2'
Info: carControl_nios2:   Generation command is [exec C:/altera/12.1/quartus/../ip/altera/nios2_ip/altera_nios2/eperl.exe -I C:/altera/12.1/quartus/common/ip/altera/common/perl/5.8.3 -I C:/altera/12.1/quartus/sopc_builder/bin/europa -I C:/altera/12.1/quartus/sopc_builder/bin/perl_lib -I C:/altera/12.1/quartus/sopc_builder/bin -I C:/altera/12.1/quartus/../ip/altera/nios2_ip/altera_nios2/cpu_lib -I C:/altera/12.1/quartus/../ip/altera/nios2_ip/altera_nios2/nios_lib -I C:/altera/12.1/quartus/../ip/altera/nios2_ip/altera_nios2 -I C:/altera/12.1/quartus/../ip/altera/nios2_ip/altera_nios2 -- C:/altera/12.1/quartus/../ip/altera/nios2_ip/altera_nios2/generate_rtl.epl --name=carControl_carControl_nios2 --dir=C:/Users/Florian/AppData/Local/Temp/alt6242_614552765460899819.dir/0446_carControl_nios2_gen/ --quartus_dir=C:/altera/12.1/quartus --verilog --config=C:/Users/Florian/AppData/Local/Temp/alt6242_614552765460899819.dir/0446_carControl_nios2_gen//carControl_carControl_nios2_processor_configuration.pl  --do_build_sim=0    --bogus  ]
Info: carControl_nios2: # 2014.06.21 12:51:57 (*) Starting Nios II generation
Info: carControl_nios2: # 2014.06.21 12:51:57 (*)   Checking for plaintext license.
Info: carControl_nios2: # 2014.06.21 12:51:57 (*)   Couldn't query license setup in Quartus directory C:/altera/12.1/quartus
Info: carControl_nios2: # 2014.06.21 12:51:57 (*)   Defaulting to contents of LM_LICENSE_FILE environment variable
Info: carControl_nios2: # 2014.06.21 12:51:57 (*)   LM_LICENSE_FILE environment variable is empty
Info: carControl_nios2: # 2014.06.21 12:51:57 (*)   Plaintext license not found.
Info: carControl_nios2: # 2014.06.21 12:51:57 (*)   Checking for encrypted license (non-evaluation).
Info: carControl_nios2: # 2014.06.21 12:51:57 (*)   Couldn't query license setup in Quartus directory C:/altera/12.1/quartus
Info: carControl_nios2: # 2014.06.21 12:51:57 (*)   Defaulting to contents of LM_LICENSE_FILE environment variable
Info: carControl_nios2: # 2014.06.21 12:51:57 (*)   LM_LICENSE_FILE environment variable is empty
Info: carControl_nios2: # 2014.06.21 12:51:57 (*)   Encrypted license not found.  Defaulting to OCP evaluation license (produces a time-limited SOF)
Info: carControl_nios2: # 2014.06.21 12:51:57 (*)   Elaborating CPU configuration settings
Info: carControl_nios2: # 2014.06.21 12:51:57 (*)   Creating all objects for CPU
Info: carControl_nios2: # 2014.06.21 12:51:58 (*)     Pipeline frontend
Info: carControl_nios2: # 2014.06.21 12:52:00 (*)   Generating RTL from CPU objects
Info: carControl_nios2: # 2014.06.21 12:52:03 (*)   Creating encrypted RTL
Info: carControl_nios2: # 2014.06.21 12:52:04 (*) Done Nios II generation
Info: carControl_nios2: Done RTL generation for module 'carControl_carControl_nios2'
Info: carControl_nios2: "carControl" instantiated altera_nios2_qsys "carControl_nios2"
Info: Starting classic module elaboration.
Qt: Untested Windows version 6.2 detected!
"c:/altera/12.1/quartus/bin/jre/bin/java.exe" -Xmx512M -classpath "c:/altera/12.1/quartus/sopc_builder/bin/sopc_builder.jar;c:/altera/12.1/quartus/sopc_builder/bin/PinAssigner.jar;c:/altera/12.1/quartus/sopc_builder/bin/sopc_wizard.jar;c:/altera/12.1/quartus/sopc_builder/bin/jptf.jar" sopc_builder.sopc_builder  -d"c:/altera/12.1/quartus/sopc_builder" -notalkback=1 -projectnameyysystem.qpf -projectpathC:/Users/Florian/AppData/Local/Temp/alt6242_614552765460899819.dir/0447_sopclgen  --no_splash --refresh C:/Users/Florian/AppData/Local/Temp/alt6242_614552765460899819.dir/0447_sopclgen/yysystem.v --quartus_dir="c:/altera/12.1/quartus" --sopc_perl="c:/altera/12.1/quartus/bin/perl" --sopc_lib_path="++c:/altera/12.1/quartus/../ip/altera/sopc_builder_ip+c:/altera/12.1/quartus/../ip/altera/nios2_ip"
Info: Finished elaborating classic module.
Executing: C:/altera/12.1/quartus//sopc_builder/bin/sopc_builder --classic --generate C:/Users/Florian/AppData/Local/Temp/alt6242_614552765460899819.dir/0447_sopclgen/yysystem.ptf
Info: Running sopc_builder...
Qt: Untested Windows version 6.2 detected!
"c:/altera/12.1/quartus/bin/jre/bin/java.exe" -Xmx512M -classpath "c:/altera/12.1/quartus/sopc_builder/bin/sopc_builder.jar;c:/altera/12.1/quartus/sopc_builder/bin/PinAssigner.jar;c:/altera/12.1/quartus/sopc_builder/bin/sopc_wizard.jar;c:/altera/12.1/quartus/sopc_builder/bin/jptf.jar" sopc_builder.sopc_builder  -d"c:/altera/12.1/quartus/sopc_builder" -notalkback=1 -projectnameyysystem.qpf -projectpathC:/Users/Florian/AppData/Local/Temp/alt6242_614552765460899819.dir/0447_sopclgen  --generate C:/Users/Florian/AppData/Local/Temp/alt6242_614552765460899819.dir/0447_sopclgen/yysystem.v --quartus_dir="c:/altera/12.1/quartus" --sopc_perl="c:/altera/12.1/quartus/bin/perl" --sopc_lib_path="++c:/altera/12.1/quartus/../ip/altera/sopc_builder_ip+c:/altera/12.1/quartus/../ip/altera/nios2_ip"
No .sopc_builder configuration file(!)
.
# 2014.06.21 12:52:09 (*) Success: sopc_builder finished.
Info: carControl_memory: "carControl" instantiated altera_avalon_onchip_memory2 "carControl_memory"
Info: Starting classic module elaboration.
Qt: Untested Windows version 6.2 detected!
"c:/altera/12.1/quartus/bin/jre/bin/java.exe" -Xmx512M -classpath "c:/altera/12.1/quartus/sopc_builder/bin/sopc_builder.jar;c:/altera/12.1/quartus/sopc_builder/bin/PinAssigner.jar;c:/altera/12.1/quartus/sopc_builder/bin/sopc_wizard.jar;c:/altera/12.1/quartus/sopc_builder/bin/jptf.jar" sopc_builder.sopc_builder  -d"c:/altera/12.1/quartus/sopc_builder" -notalkback=1 -projectnameyysystem.qpf -projectpathC:/Users/Florian/AppData/Local/Temp/alt6242_614552765460899819.dir/0448_sopclgen  --no_splash --refresh C:/Users/Florian/AppData/Local/Temp/alt6242_614552765460899819.dir/0448_sopclgen/yysystem.v --quartus_dir="c:/altera/12.1/quartus" --sopc_perl="c:/altera/12.1/quartus/bin/perl" --sopc_lib_path="++c:/altera/12.1/quartus/../ip/altera/sopc_builder_ip+c:/altera/12.1/quartus/../ip/altera/nios2_ip"
Info: Finished elaborating classic module.
Executing: C:/altera/12.1/quartus//sopc_builder/bin/sopc_builder --classic --generate C:/Users/Florian/AppData/Local/Temp/alt6242_614552765460899819.dir/0448_sopclgen/yysystem.ptf
Info: Running sopc_builder...
Qt: Untested Windows version 6.2 detected!
"c:/altera/12.1/quartus/bin/jre/bin/java.exe" -Xmx512M -classpath "c:/altera/12.1/quartus/sopc_builder/bin/sopc_builder.jar;c:/altera/12.1/quartus/sopc_builder/bin/PinAssigner.jar;c:/altera/12.1/quartus/sopc_builder/bin/sopc_wizard.jar;c:/altera/12.1/quartus/sopc_builder/bin/jptf.jar" sopc_builder.sopc_builder  -d"c:/altera/12.1/quartus/sopc_builder" -notalkback=1 -projectnameyysystem.qpf -projectpathC:/Users/Florian/AppData/Local/Temp/alt6242_614552765460899819.dir/0448_sopclgen  --generate C:/Users/Florian/AppData/Local/Temp/alt6242_614552765460899819.dir/0448_sopclgen/yysystem.v --quartus_dir="c:/altera/12.1/quartus" --sopc_perl="c:/altera/12.1/quartus/bin/perl" --sopc_lib_path="++c:/altera/12.1/quartus/../ip/altera/sopc_builder_ip+c:/altera/12.1/quartus/../ip/altera/nios2_ip"
No .sopc_builder configuration file(!)
.
# 2014.06.21 12:52:14 (*) Success: sopc_builder finished.
Info: carControl_uart: "carControl" instantiated altera_avalon_jtag_uart "carControl_uart"
Info: mm_bridge_0: "carControl" instantiated altera_avalon_mm_bridge "mm_bridge_0"
Info: carControl_nios2_data_master_translator: "carControl" instantiated altera_merlin_master_translator "carControl_nios2_data_master_translator"
Info: carControl_memory_s1_translator: "carControl" instantiated altera_merlin_slave_translator "carControl_memory_s1_translator"
Info: carControl_nios2_data_master_translator_avalon_universal_master_0_agent: "carControl" instantiated altera_merlin_master_agent "carControl_nios2_data_master_translator_avalon_universal_master_0_agent"
Info: carControl_memory_s1_translator_avalon_universal_slave_0_agent: "carControl" instantiated altera_merlin_slave_agent "carControl_memory_s1_translator_avalon_universal_slave_0_agent"
Info: carControl_memory_s1_translator_avalon_universal_slave_0_agent_rsp_fifo: "carControl" instantiated altera_avalon_sc_fifo "carControl_memory_s1_translator_avalon_universal_slave_0_agent_rsp_fifo"
Info: addr_router: "carControl" instantiated altera_merlin_router "addr_router"
Info: addr_router_001: "carControl" instantiated altera_merlin_router "addr_router_001"
Info: id_router: "carControl" instantiated altera_merlin_router "id_router"
Info: id_router_002: "carControl" instantiated altera_merlin_router "id_router_002"
Info: limiter: "carControl" instantiated altera_merlin_traffic_limiter "limiter"
Info: rst_controller: "carControl" instantiated altera_reset_controller "rst_controller"
Info: cmd_xbar_demux: "carControl" instantiated altera_merlin_demultiplexer "cmd_xbar_demux"
Info: cmd_xbar_demux_001: "carControl" instantiated altera_merlin_demultiplexer "cmd_xbar_demux_001"
Info: cmd_xbar_mux: "carControl" instantiated altera_merlin_multiplexer "cmd_xbar_mux"
Info: rsp_xbar_demux: "carControl" instantiated altera_merlin_demultiplexer "rsp_xbar_demux"
Info: rsp_xbar_demux_002: "carControl" instantiated altera_merlin_demultiplexer "rsp_xbar_demux_002"
Info: rsp_xbar_mux: "carControl" instantiated altera_merlin_multiplexer "rsp_xbar_mux"
Info: Reusing file C:/Users/Florian/Documents/GitHub/Car2X/hardware/nios_system/carControl/synthesis/submodules/altera_merlin_arbitrator.sv
Info: rsp_xbar_mux_001: "carControl" instantiated altera_merlin_multiplexer "rsp_xbar_mux_001"
Info: Reusing file C:/Users/Florian/Documents/GitHub/Car2X/hardware/nios_system/carControl/synthesis/submodules/altera_merlin_arbitrator.sv
Info: irq_mapper: "carControl" instantiated altera_irq_mapper "irq_mapper"
Info: carControl: Done carControl" with 24 modules, 70 files, 1768008 bytes
Info: ip-generate succeeded.
Info: Finished: Create HDL design files for synthesis
