Info: Starting: Create HDL design files for synthesis
Info: ip-generate --project-directory=C:/Users/Florian/Documents/GitHub/Car2X/hardware/ --output-directory=C:/Users/Florian/Documents/GitHub/Car2X/hardware/nios_system/synthesis/ --file-set=QUARTUS_SYNTH --report-file=sopcinfo:C:/Users/Florian/Documents/GitHub/Car2X/hardware/nios_system.sopcinfo --report-file=html:C:/Users/Florian/Documents/GitHub/Car2X/hardware/nios_system.html --report-file=qip:C:/Users/Florian/Documents/GitHub/Car2X/hardware/nios_system/synthesis/nios_system.qip --report-file=cmp:C:/Users/Florian/Documents/GitHub/Car2X/hardware/nios_system.cmp --system-info=DEVICE_FAMILY="Cyclone IV E" --system-info=DEVICE=EP4CE115F29C7 --system-info=DEVICE_SPEEDGRADE=7 --component-file=C:/Users/Florian/Documents/GitHub/Car2X/hardware/nios_system.qsys
Progress: Loading hardware/nios_system.qsys
Progress: Reading input file
Progress: Adding sys_clk [clock_source 12.1]
Progress: Parameterizing module sys_clk
Progress: Adding com_nios [altera_nios2_qsys 12.1]
Progress: Parameterizing module com_nios
Progress: Adding jtaguart_0 [altera_avalon_jtag_uart 12.1]
Progress: Parameterizing module jtaguart_0
Progress: Adding tse_mac [triple_speed_ethernet 12.1]
Progress: Parameterizing module tse_mac
Progress: Adding sgdma_rx [altera_avalon_sgdma 12.1]
Progress: Parameterizing module sgdma_rx
Progress: Adding sgdma_tx [altera_avalon_sgdma 12.1]
Progress: Parameterizing module sgdma_tx
Progress: Adding descriptor_memory [altera_avalon_onchip_memory2 12.1]
Progress: Parameterizing module descriptor_memory
Progress: Adding carControl_nios [altera_nios2_qsys 12.1]
Progress: Parameterizing module carControl_nios
Progress: Adding shared_memory [altera_avalon_onchip_memory2 12.1]
Progress: Parameterizing module shared_memory
Progress: Adding shared_memory_mutex [altera_avalon_mutex 12.1]
Progress: Parameterizing module shared_memory_mutex
Progress: Adding jtaguart_1 [altera_avalon_jtag_uart 12.1]
Progress: Parameterizing module jtaguart_1
Progress: Adding com_timer [altera_avalon_timer 12.1]
Progress: Parameterizing module com_timer
Progress: Adding com_led [altera_avalon_pio 12.1]
Progress: Parameterizing module com_led
Progress: Adding com_memory [altera_avalon_new_sdram_controller 12.1]
Progress: Parameterizing module com_memory
Progress: Adding com_sdram_clk [altera_up_clocks 12.0]
Progress: Parameterizing module com_sdram_clk
Progress: Adding onchip_memory2_0 [altera_avalon_onchip_memory2 12.1]
Progress: Parameterizing module onchip_memory2_0
Progress: Building connections
Progress: Parameterizing connections
Progress: Validating
Progress: Done reading input file
Info: nios_system.shared_memory: Tightly Coupled Memory operation is not supported with s2 Avalon interface during single clock operation.   
Info: nios_system.shared_memory: Memory will be initialized from shared_memory.hex
Info: nios_system.onchip_memory2_0: Memory will be initialized from onchip_memory2_0.hex
Info: nios_system: Generating nios_system "nios_system" for QUARTUS_SYNTH
Info: pipeline_bridge_swap_transform: After transform: 12 modules, 63 connections
Info: No custom instruction connections, skipping transform 
Info: merlin_translator_transform: After transform: 27 modules, 138 connections
Info: merlin_domain_transform: After transform: 54 modules, 364 connections
Info: merlin_router_transform: After transform: 69 modules, 439 connections
Info: merlin_traffic_limiter_transform: After transform: 71 modules, 451 connections
Info: reset_adaptation_transform: After transform: 73 modules, 291 connections
Info: merlin_network_to_switch_transform: After transform: 102 modules, 353 connections
Info: limiter_update_transform: After transform: 102 modules, 355 connections
Info: merlin_interrupt_mapper_transform: After transform: 104 modules, 361 connections
Info: com_nios: Starting RTL generation for module 'nios_system_com_nios'
Info: com_nios:   Generation command is [exec C:/altera/12.1/quartus/../ip/altera/nios2_ip/altera_nios2/eperl.exe -I C:/altera/12.1/quartus/common/ip/altera/common/perl/5.8.3 -I C:/altera/12.1/quartus/sopc_builder/bin/europa -I C:/altera/12.1/quartus/sopc_builder/bin/perl_lib -I C:/altera/12.1/quartus/sopc_builder/bin -I C:/altera/12.1/quartus/../ip/altera/nios2_ip/altera_nios2/cpu_lib -I C:/altera/12.1/quartus/../ip/altera/nios2_ip/altera_nios2/nios_lib -I C:/altera/12.1/quartus/../ip/altera/nios2_ip/altera_nios2 -I C:/altera/12.1/quartus/../ip/altera/nios2_ip/altera_nios2 -- C:/altera/12.1/quartus/../ip/altera/nios2_ip/altera_nios2/generate_rtl.epl --name=nios_system_com_nios --dir=C:/Users/Florian/AppData/Local/Temp/alt6245_6884207231519473231.dir/0085_com_nios_gen/ --quartus_dir=C:/altera/12.1/quartus --verilog --config=C:/Users/Florian/AppData/Local/Temp/alt6245_6884207231519473231.dir/0085_com_nios_gen//nios_system_com_nios_processor_configuration.pl  --do_build_sim=0    --bogus  ]
Info: com_nios: # 2014.06.24 21:53:14 (*) Starting Nios II generation
Info: com_nios: # 2014.06.24 21:53:14 (*)   Checking for plaintext license.
Info: com_nios: # 2014.06.24 21:53:14 (*)   Couldn't query license setup in Quartus directory C:/altera/12.1/quartus
Info: com_nios: # 2014.06.24 21:53:14 (*)   Defaulting to contents of LM_LICENSE_FILE environment variable
Info: com_nios: # 2014.06.24 21:53:14 (*)   LM_LICENSE_FILE environment variable is empty
Info: com_nios: # 2014.06.24 21:53:14 (*)   Plaintext license not found.
Info: com_nios: # 2014.06.24 21:53:14 (*)   Checking for encrypted license (non-evaluation).
Info: com_nios: # 2014.06.24 21:53:15 (*)   Couldn't query license setup in Quartus directory C:/altera/12.1/quartus
Info: com_nios: # 2014.06.24 21:53:15 (*)   Defaulting to contents of LM_LICENSE_FILE environment variable
Info: com_nios: # 2014.06.24 21:53:15 (*)   LM_LICENSE_FILE environment variable is empty
Info: com_nios: # 2014.06.24 21:53:15 (*)   Encrypted license not found.  Defaulting to OCP evaluation license (produces a time-limited SOF)
Info: com_nios: # 2014.06.24 21:53:15 (*)   Elaborating CPU configuration settings
Info: com_nios: # 2014.06.24 21:53:15 (*)   Creating all objects for CPU
Info: com_nios: # 2014.06.24 21:53:18 (*)     Pipeline frontend
Info: com_nios: # 2014.06.24 21:53:21 (*)   Generating RTL from CPU objects
Info: com_nios: # 2014.06.24 21:53:28 (*)   Creating encrypted RTL
Info: com_nios: # 2014.06.24 21:53:30 (*) Done Nios II generation
Info: com_nios: Done RTL generation for module 'nios_system_com_nios'
Info: com_nios: "nios_system" instantiated altera_nios2_qsys "com_nios"
Info: Starting classic module elaboration.
Qt: Untested Windows version 6.2 detected!
"c:/altera/12.1/quartus/bin/jre/bin/java.exe" -Xmx512M -classpath "c:/altera/12.1/quartus/sopc_builder/bin/sopc_builder.jar;c:/altera/12.1/quartus/sopc_builder/bin/PinAssigner.jar;c:/altera/12.1/quartus/sopc_builder/bin/sopc_wizard.jar;c:/altera/12.1/quartus/sopc_builder/bin/jptf.jar" sopc_builder.sopc_builder  -d"c:/altera/12.1/quartus/sopc_builder" -notalkback=1 -projectnameyysystem.qpf -projectpathC:/Users/Florian/AppData/Local/Temp/alt6245_6884207231519473231.dir/0086_sopclgen  --no_splash --refresh C:/Users/Florian/AppData/Local/Temp/alt6245_6884207231519473231.dir/0086_sopclgen/yysystem.v --quartus_dir="c:/altera/12.1/quartus" --sopc_perl="c:/altera/12.1/quartus/bin/perl" --sopc_lib_path="++c:/altera/12.1/quartus/../ip/altera/sopc_builder_ip+c:/altera/12.1/quartus/../ip/altera/nios2_ip"
Info: Finished elaborating classic module.
Executing: C:/altera/12.1/quartus//sopc_builder/bin/sopc_builder --classic --generate C:/Users/Florian/AppData/Local/Temp/alt6245_6884207231519473231.dir/0086_sopclgen/yysystem.ptf
Info: Running sopc_builder...
Qt: Untested Windows version 6.2 detected!
"c:/altera/12.1/quartus/bin/jre/bin/java.exe" -Xmx512M -classpath "c:/altera/12.1/quartus/sopc_builder/bin/sopc_builder.jar;c:/altera/12.1/quartus/sopc_builder/bin/PinAssigner.jar;c:/altera/12.1/quartus/sopc_builder/bin/sopc_wizard.jar;c:/altera/12.1/quartus/sopc_builder/bin/jptf.jar" sopc_builder.sopc_builder  -d"c:/altera/12.1/quartus/sopc_builder" -notalkback=1 -projectnameyysystem.qpf -projectpathC:/Users/Florian/AppData/Local/Temp/alt6245_6884207231519473231.dir/0086_sopclgen  --generate C:/Users/Florian/AppData/Local/Temp/alt6245_6884207231519473231.dir/0086_sopclgen/yysystem.v --quartus_dir="c:/altera/12.1/quartus" --sopc_perl="c:/altera/12.1/quartus/bin/perl" --sopc_lib_path="++c:/altera/12.1/quartus/../ip/altera/sopc_builder_ip+c:/altera/12.1/quartus/../ip/altera/nios2_ip"
No .sopc_builder configuration file(!)
.
# 2014.06.24 21:53:42 (*) Success: sopc_builder finished.
Info: jtaguart_0: "nios_system" instantiated altera_avalon_jtag_uart "jtaguart_0"
Info: carControl_nios: Starting RTL generation for module 'nios_system_carControl_nios'
Info: carControl_nios:   Generation command is [exec C:/altera/12.1/quartus/../ip/altera/nios2_ip/altera_nios2/eperl.exe -I C:/altera/12.1/quartus/common/ip/altera/common/perl/5.8.3 -I C:/altera/12.1/quartus/sopc_builder/bin/europa -I C:/altera/12.1/quartus/sopc_builder/bin/perl_lib -I C:/altera/12.1/quartus/sopc_builder/bin -I C:/altera/12.1/quartus/../ip/altera/nios2_ip/altera_nios2/cpu_lib -I C:/altera/12.1/quartus/../ip/altera/nios2_ip/altera_nios2/nios_lib -I C:/altera/12.1/quartus/../ip/altera/nios2_ip/altera_nios2 -I C:/altera/12.1/quartus/../ip/altera/nios2_ip/altera_nios2 -- C:/altera/12.1/quartus/../ip/altera/nios2_ip/altera_nios2/generate_rtl.epl --name=nios_system_carControl_nios --dir=C:/Users/Florian/AppData/Local/Temp/alt6245_6884207231519473231.dir/0087_carControl_nios_gen/ --quartus_dir=C:/altera/12.1/quartus --verilog --config=C:/Users/Florian/AppData/Local/Temp/alt6245_6884207231519473231.dir/0087_carControl_nios_gen//nios_system_carControl_nios_processor_configuration.pl  --do_build_sim=0    --bogus  ]
Info: carControl_nios: # 2014.06.24 21:53:43 (*) Starting Nios II generation
Info: carControl_nios: # 2014.06.24 21:53:43 (*)   Checking for plaintext license.
Info: carControl_nios: # 2014.06.24 21:53:44 (*)   Couldn't query license setup in Quartus directory C:/altera/12.1/quartus
Info: carControl_nios: # 2014.06.24 21:53:44 (*)   Defaulting to contents of LM_LICENSE_FILE environment variable
Info: carControl_nios: # 2014.06.24 21:53:44 (*)   LM_LICENSE_FILE environment variable is empty
Info: carControl_nios: # 2014.06.24 21:53:44 (*)   Plaintext license not found.
Info: carControl_nios: # 2014.06.24 21:53:44 (*)   Checking for encrypted license (non-evaluation).
Info: carControl_nios: # 2014.06.24 21:53:45 (*)   Couldn't query license setup in Quartus directory C:/altera/12.1/quartus
Info: carControl_nios: # 2014.06.24 21:53:45 (*)   Defaulting to contents of LM_LICENSE_FILE environment variable
Info: carControl_nios: # 2014.06.24 21:53:45 (*)   LM_LICENSE_FILE environment variable is empty
Info: carControl_nios: # 2014.06.24 21:53:45 (*)   Encrypted license not found.  Defaulting to OCP evaluation license (produces a time-limited SOF)
Info: carControl_nios: # 2014.06.24 21:53:45 (*)   Elaborating CPU configuration settings
Info: carControl_nios: # 2014.06.24 21:53:45 (*)   Creating all objects for CPU
Info: carControl_nios: # 2014.06.24 21:53:48 (*)     Pipeline frontend
Info: carControl_nios: # 2014.06.24 21:53:51 (*)   Generating RTL from CPU objects
Info: carControl_nios: # 2014.06.24 21:53:59 (*)   Creating encrypted RTL
Info: carControl_nios: # 2014.06.24 21:54:01 (*) Done Nios II generation
Info: carControl_nios: Done RTL generation for module 'nios_system_carControl_nios'
Info: carControl_nios: "nios_system" instantiated altera_nios2_qsys "carControl_nios"
Info: Starting classic module elaboration.
Qt: Untested Windows version 6.2 detected!
"c:/altera/12.1/quartus/bin/jre/bin/java.exe" -Xmx512M -classpath "c:/altera/12.1/quartus/sopc_builder/bin/sopc_builder.jar;c:/altera/12.1/quartus/sopc_builder/bin/PinAssigner.jar;c:/altera/12.1/quartus/sopc_builder/bin/sopc_wizard.jar;c:/altera/12.1/quartus/sopc_builder/bin/jptf.jar" sopc_builder.sopc_builder  -d"c:/altera/12.1/quartus/sopc_builder" -notalkback=1 -projectnameyysystem.qpf -projectpathC:/Users/Florian/AppData/Local/Temp/alt6245_6884207231519473231.dir/0088_sopclgen  --no_splash --refresh C:/Users/Florian/AppData/Local/Temp/alt6245_6884207231519473231.dir/0088_sopclgen/yysystem.v --quartus_dir="c:/altera/12.1/quartus" --sopc_perl="c:/altera/12.1/quartus/bin/perl" --sopc_lib_path="++c:/altera/12.1/quartus/../ip/altera/sopc_builder_ip+c:/altera/12.1/quartus/../ip/altera/nios2_ip"
Info: Finished elaborating classic module.
Executing: C:/altera/12.1/quartus//sopc_builder/bin/sopc_builder --classic --generate C:/Users/Florian/AppData/Local/Temp/alt6245_6884207231519473231.dir/0088_sopclgen/yysystem.ptf
Info: Running sopc_builder...
Qt: Untested Windows version 6.2 detected!
"c:/altera/12.1/quartus/bin/jre/bin/java.exe" -Xmx512M -classpath "c:/altera/12.1/quartus/sopc_builder/bin/sopc_builder.jar;c:/altera/12.1/quartus/sopc_builder/bin/PinAssigner.jar;c:/altera/12.1/quartus/sopc_builder/bin/sopc_wizard.jar;c:/altera/12.1/quartus/sopc_builder/bin/jptf.jar" sopc_builder.sopc_builder  -d"c:/altera/12.1/quartus/sopc_builder" -notalkback=1 -projectnameyysystem.qpf -projectpathC:/Users/Florian/AppData/Local/Temp/alt6245_6884207231519473231.dir/0088_sopclgen  --generate C:/Users/Florian/AppData/Local/Temp/alt6245_6884207231519473231.dir/0088_sopclgen/yysystem.v --quartus_dir="c:/altera/12.1/quartus" --sopc_perl="c:/altera/12.1/quartus/bin/perl" --sopc_lib_path="++c:/altera/12.1/quartus/../ip/altera/sopc_builder_ip+c:/altera/12.1/quartus/../ip/altera/nios2_ip"
No .sopc_builder configuration file(!)
.
# 2014.06.24 21:54:13 (*) Success: sopc_builder finished.
Info: shared_memory: "nios_system" instantiated altera_avalon_onchip_memory2 "shared_memory"
Info: Starting classic module elaboration.
Qt: Untested Windows version 6.2 detected!
"c:/altera/12.1/quartus/bin/jre/bin/java.exe" -Xmx512M -classpath "c:/altera/12.1/quartus/sopc_builder/bin/sopc_builder.jar;c:/altera/12.1/quartus/sopc_builder/bin/PinAssigner.jar;c:/altera/12.1/quartus/sopc_builder/bin/sopc_wizard.jar;c:/altera/12.1/quartus/sopc_builder/bin/jptf.jar" sopc_builder.sopc_builder  -d"c:/altera/12.1/quartus/sopc_builder" -notalkback=1 -projectnameyysystem.qpf -projectpathC:/Users/Florian/AppData/Local/Temp/alt6245_6884207231519473231.dir/0089_sopclgen  --no_splash --refresh C:/Users/Florian/AppData/Local/Temp/alt6245_6884207231519473231.dir/0089_sopclgen/yysystem.v --quartus_dir="c:/altera/12.1/quartus" --sopc_perl="c:/altera/12.1/quartus/bin/perl" --sopc_lib_path="++c:/altera/12.1/quartus/../ip/altera/sopc_builder_ip+c:/altera/12.1/quartus/../ip/altera/nios2_ip"
Info: Finished elaborating classic module.
Executing: C:/altera/12.1/quartus//sopc_builder/bin/sopc_builder --classic --generate C:/Users/Florian/AppData/Local/Temp/alt6245_6884207231519473231.dir/0089_sopclgen/yysystem.ptf
Info: Running sopc_builder...
Qt: Untested Windows version 6.2 detected!
"c:/altera/12.1/quartus/bin/jre/bin/java.exe" -Xmx512M -classpath "c:/altera/12.1/quartus/sopc_builder/bin/sopc_builder.jar;c:/altera/12.1/quartus/sopc_builder/bin/PinAssigner.jar;c:/altera/12.1/quartus/sopc_builder/bin/sopc_wizard.jar;c:/altera/12.1/quartus/sopc_builder/bin/jptf.jar" sopc_builder.sopc_builder  -d"c:/altera/12.1/quartus/sopc_builder" -notalkback=1 -projectnameyysystem.qpf -projectpathC:/Users/Florian/AppData/Local/Temp/alt6245_6884207231519473231.dir/0089_sopclgen  --generate C:/Users/Florian/AppData/Local/Temp/alt6245_6884207231519473231.dir/0089_sopclgen/yysystem.v --quartus_dir="c:/altera/12.1/quartus" --sopc_perl="c:/altera/12.1/quartus/bin/perl" --sopc_lib_path="++c:/altera/12.1/quartus/../ip/altera/sopc_builder_ip+c:/altera/12.1/quartus/../ip/altera/nios2_ip"
No .sopc_builder configuration file(!)
.
# 2014.06.24 21:54:24 (*) Success: sopc_builder finished.
Info: shared_memory_mutex: "nios_system" instantiated altera_avalon_mutex "shared_memory_mutex"
Info: Starting classic module elaboration.
Qt: Untested Windows version 6.2 detected!
"c:/altera/12.1/quartus/bin/jre/bin/java.exe" -Xmx512M -classpath "c:/altera/12.1/quartus/sopc_builder/bin/sopc_builder.jar;c:/altera/12.1/quartus/sopc_builder/bin/PinAssigner.jar;c:/altera/12.1/quartus/sopc_builder/bin/sopc_wizard.jar;c:/altera/12.1/quartus/sopc_builder/bin/jptf.jar" sopc_builder.sopc_builder  -d"c:/altera/12.1/quartus/sopc_builder" -notalkback=1 -projectnameyysystem.qpf -projectpathC:/Users/Florian/AppData/Local/Temp/alt6245_6884207231519473231.dir/0090_sopclgen  --no_splash --refresh C:/Users/Florian/AppData/Local/Temp/alt6245_6884207231519473231.dir/0090_sopclgen/yysystem.v --quartus_dir="c:/altera/12.1/quartus" --sopc_perl="c:/altera/12.1/quartus/bin/perl" --sopc_lib_path="++c:/altera/12.1/quartus/../ip/altera/sopc_builder_ip+c:/altera/12.1/quartus/../ip/altera/nios2_ip"
Info: Finished elaborating classic module.
Executing: C:/altera/12.1/quartus//sopc_builder/bin/sopc_builder --classic --generate C:/Users/Florian/AppData/Local/Temp/alt6245_6884207231519473231.dir/0090_sopclgen/yysystem.ptf
Info: Running sopc_builder...
Qt: Untested Windows version 6.2 detected!
"c:/altera/12.1/quartus/bin/jre/bin/java.exe" -Xmx512M -classpath "c:/altera/12.1/quartus/sopc_builder/bin/sopc_builder.jar;c:/altera/12.1/quartus/sopc_builder/bin/PinAssigner.jar;c:/altera/12.1/quartus/sopc_builder/bin/sopc_wizard.jar;c:/altera/12.1/quartus/sopc_builder/bin/jptf.jar" sopc_builder.sopc_builder  -d"c:/altera/12.1/quartus/sopc_builder" -notalkback=1 -projectnameyysystem.qpf -projectpathC:/Users/Florian/AppData/Local/Temp/alt6245_6884207231519473231.dir/0090_sopclgen  --generate C:/Users/Florian/AppData/Local/Temp/alt6245_6884207231519473231.dir/0090_sopclgen/yysystem.v --quartus_dir="c:/altera/12.1/quartus" --sopc_perl="c:/altera/12.1/quartus/bin/perl" --sopc_lib_path="++c:/altera/12.1/quartus/../ip/altera/sopc_builder_ip+c:/altera/12.1/quartus/../ip/altera/nios2_ip"
No .sopc_builder configuration file(!)
.
# 2014.06.24 21:54:35 (*) Success: sopc_builder finished.
Info: com_timer: "nios_system" instantiated altera_avalon_timer "com_timer"
Info: Starting classic module elaboration.
Qt: Untested Windows version 6.2 detected!
"c:/altera/12.1/quartus/bin/jre/bin/java.exe" -Xmx512M -classpath "c:/altera/12.1/quartus/sopc_builder/bin/sopc_builder.jar;c:/altera/12.1/quartus/sopc_builder/bin/PinAssigner.jar;c:/altera/12.1/quartus/sopc_builder/bin/sopc_wizard.jar;c:/altera/12.1/quartus/sopc_builder/bin/jptf.jar" sopc_builder.sopc_builder  -d"c:/altera/12.1/quartus/sopc_builder" -notalkback=1 -projectnameyysystem.qpf -projectpathC:/Users/Florian/AppData/Local/Temp/alt6245_6884207231519473231.dir/0091_sopclgen  --no_splash --refresh C:/Users/Florian/AppData/Local/Temp/alt6245_6884207231519473231.dir/0091_sopclgen/yysystem.v --quartus_dir="c:/altera/12.1/quartus" --sopc_perl="c:/altera/12.1/quartus/bin/perl" --sopc_lib_path="++c:/altera/12.1/quartus/../ip/altera/sopc_builder_ip+c:/altera/12.1/quartus/../ip/altera/nios2_ip"
Info: Finished elaborating classic module.
Executing: C:/altera/12.1/quartus//sopc_builder/bin/sopc_builder --classic --generate C:/Users/Florian/AppData/Local/Temp/alt6245_6884207231519473231.dir/0091_sopclgen/yysystem.ptf
Info: Running sopc_builder...
Qt: Untested Windows version 6.2 detected!
"c:/altera/12.1/quartus/bin/jre/bin/java.exe" -Xmx512M -classpath "c:/altera/12.1/quartus/sopc_builder/bin/sopc_builder.jar;c:/altera/12.1/quartus/sopc_builder/bin/PinAssigner.jar;c:/altera/12.1/quartus/sopc_builder/bin/sopc_wizard.jar;c:/altera/12.1/quartus/sopc_builder/bin/jptf.jar" sopc_builder.sopc_builder  -d"c:/altera/12.1/quartus/sopc_builder" -notalkback=1 -projectnameyysystem.qpf -projectpathC:/Users/Florian/AppData/Local/Temp/alt6245_6884207231519473231.dir/0091_sopclgen  --generate C:/Users/Florian/AppData/Local/Temp/alt6245_6884207231519473231.dir/0091_sopclgen/yysystem.v --quartus_dir="c:/altera/12.1/quartus" --sopc_perl="c:/altera/12.1/quartus/bin/perl" --sopc_lib_path="++c:/altera/12.1/quartus/../ip/altera/sopc_builder_ip+c:/altera/12.1/quartus/../ip/altera/nios2_ip"
No .sopc_builder configuration file(!)
.
# 2014.06.24 21:54:47 (*) Success: sopc_builder finished.
Info: com_led: "nios_system" instantiated altera_avalon_pio "com_led"
Info: Starting classic module elaboration.
Qt: Untested Windows version 6.2 detected!
"c:/altera/12.1/quartus/bin/jre/bin/java.exe" -Xmx512M -classpath "c:/altera/12.1/quartus/sopc_builder/bin/sopc_builder.jar;c:/altera/12.1/quartus/sopc_builder/bin/PinAssigner.jar;c:/altera/12.1/quartus/sopc_builder/bin/sopc_wizard.jar;c:/altera/12.1/quartus/sopc_builder/bin/jptf.jar" sopc_builder.sopc_builder  -d"c:/altera/12.1/quartus/sopc_builder" -notalkback=1 -projectnameyysystem.qpf -projectpathC:/Users/Florian/AppData/Local/Temp/alt6245_6884207231519473231.dir/0092_sopclgen  --no_splash --refresh C:/Users/Florian/AppData/Local/Temp/alt6245_6884207231519473231.dir/0092_sopclgen/yysystem.v --quartus_dir="c:/altera/12.1/quartus" --sopc_perl="c:/altera/12.1/quartus/bin/perl" --sopc_lib_path="++c:/altera/12.1/quartus/../ip/altera/sopc_builder_ip+c:/altera/12.1/quartus/../ip/altera/nios2_ip"
Info: Finished elaborating classic module.
Executing: C:/altera/12.1/quartus//sopc_builder/bin/sopc_builder --classic --generate C:/Users/Florian/AppData/Local/Temp/alt6245_6884207231519473231.dir/0092_sopclgen/yysystem.ptf
Info: Running sopc_builder...
Qt: Untested Windows version 6.2 detected!
"c:/altera/12.1/quartus/bin/jre/bin/java.exe" -Xmx512M -classpath "c:/altera/12.1/quartus/sopc_builder/bin/sopc_builder.jar;c:/altera/12.1/quartus/sopc_builder/bin/PinAssigner.jar;c:/altera/12.1/quartus/sopc_builder/bin/sopc_wizard.jar;c:/altera/12.1/quartus/sopc_builder/bin/jptf.jar" sopc_builder.sopc_builder  -d"c:/altera/12.1/quartus/sopc_builder" -notalkback=1 -projectnameyysystem.qpf -projectpathC:/Users/Florian/AppData/Local/Temp/alt6245_6884207231519473231.dir/0092_sopclgen  --generate C:/Users/Florian/AppData/Local/Temp/alt6245_6884207231519473231.dir/0092_sopclgen/yysystem.v --quartus_dir="c:/altera/12.1/quartus" --sopc_perl="c:/altera/12.1/quartus/bin/perl" --sopc_lib_path="++c:/altera/12.1/quartus/../ip/altera/sopc_builder_ip+c:/altera/12.1/quartus/../ip/altera/nios2_ip"
No .sopc_builder configuration file(!)
.
.
# 2014.06.24 21:54:58 (*) Running Test Generator Program for nios_system_com_memory
# 2014.06.24 21:55:01 (*) Success: sopc_builder finished.
Info: com_memory: "nios_system" instantiated altera_avalon_new_sdram_controller "com_memory"
Info: com_sdram_clk: Starting Generation of Required Clocks for DE-Series Boards
Info: com_sdram_clk: "nios_system" instantiated altera_up_clocks "com_sdram_clk"
Info: Starting classic module elaboration.
Qt: Untested Windows version 6.2 detected!
"c:/altera/12.1/quartus/bin/jre/bin/java.exe" -Xmx512M -classpath "c:/altera/12.1/quartus/sopc_builder/bin/sopc_builder.jar;c:/altera/12.1/quartus/sopc_builder/bin/PinAssigner.jar;c:/altera/12.1/quartus/sopc_builder/bin/sopc_wizard.jar;c:/altera/12.1/quartus/sopc_builder/bin/jptf.jar" sopc_builder.sopc_builder  -d"c:/altera/12.1/quartus/sopc_builder" -notalkback=1 -projectnameyysystem.qpf -projectpathC:/Users/Florian/AppData/Local/Temp/alt6245_6884207231519473231.dir/0094_sopclgen  --no_splash --refresh C:/Users/Florian/AppData/Local/Temp/alt6245_6884207231519473231.dir/0094_sopclgen/yysystem.v --quartus_dir="c:/altera/12.1/quartus" --sopc_perl="c:/altera/12.1/quartus/bin/perl" --sopc_lib_path="++c:/altera/12.1/quartus/../ip/altera/sopc_builder_ip+c:/altera/12.1/quartus/../ip/altera/nios2_ip"
Info: Finished elaborating classic module.
Executing: C:/altera/12.1/quartus//sopc_builder/bin/sopc_builder --classic --generate C:/Users/Florian/AppData/Local/Temp/alt6245_6884207231519473231.dir/0094_sopclgen/yysystem.ptf
Info: Running sopc_builder...
Qt: Untested Windows version 6.2 detected!
"c:/altera/12.1/quartus/bin/jre/bin/java.exe" -Xmx512M -classpath "c:/altera/12.1/quartus/sopc_builder/bin/sopc_builder.jar;c:/altera/12.1/quartus/sopc_builder/bin/PinAssigner.jar;c:/altera/12.1/quartus/sopc_builder/bin/sopc_wizard.jar;c:/altera/12.1/quartus/sopc_builder/bin/jptf.jar" sopc_builder.sopc_builder  -d"c:/altera/12.1/quartus/sopc_builder" -notalkback=1 -projectnameyysystem.qpf -projectpathC:/Users/Florian/AppData/Local/Temp/alt6245_6884207231519473231.dir/0094_sopclgen  --generate C:/Users/Florian/AppData/Local/Temp/alt6245_6884207231519473231.dir/0094_sopclgen/yysystem.v --quartus_dir="c:/altera/12.1/quartus" --sopc_perl="c:/altera/12.1/quartus/bin/perl" --sopc_lib_path="++c:/altera/12.1/quartus/../ip/altera/sopc_builder_ip+c:/altera/12.1/quartus/../ip/altera/nios2_ip"
No .sopc_builder configuration file(!)
.
# 2014.06.24 21:55:17 (*) Success: sopc_builder finished.
Info: onchip_memory2_0: "nios_system" instantiated altera_avalon_onchip_memory2 "onchip_memory2_0"
Info: com_nios_instruction_master_translator: "nios_system" instantiated altera_merlin_master_translator "com_nios_instruction_master_translator"
Info: com_nios_jtag_debug_module_translator: "nios_system" instantiated altera_merlin_slave_translator "com_nios_jtag_debug_module_translator"
Info: com_nios_instruction_master_translator_avalon_universal_master_0_agent: "nios_system" instantiated altera_merlin_master_agent "com_nios_instruction_master_translator_avalon_universal_master_0_agent"
Info: com_nios_jtag_debug_module_translator_avalon_universal_slave_0_agent: "nios_system" instantiated altera_merlin_slave_agent "com_nios_jtag_debug_module_translator_avalon_universal_slave_0_agent"
Info: com_nios_jtag_debug_module_translator_avalon_universal_slave_0_agent_rsp_fifo: "nios_system" instantiated altera_avalon_sc_fifo "com_nios_jtag_debug_module_translator_avalon_universal_slave_0_agent_rsp_fifo"
Info: addr_router: "nios_system" instantiated altera_merlin_router "addr_router"
Info: addr_router_001: "nios_system" instantiated altera_merlin_router "addr_router_001"
Info: addr_router_002: "nios_system" instantiated altera_merlin_router "addr_router_002"
Info: addr_router_003: "nios_system" instantiated altera_merlin_router "addr_router_003"
Info: id_router: "nios_system" instantiated altera_merlin_router "id_router"
Info: id_router_002: "nios_system" instantiated altera_merlin_router "id_router_002"
Info: id_router_004: "nios_system" instantiated altera_merlin_router "id_router_004"
Info: id_router_007: "nios_system" instantiated altera_merlin_router "id_router_007"
Info: id_router_008: "nios_system" instantiated altera_merlin_router "id_router_008"
Info: limiter: "nios_system" instantiated altera_merlin_traffic_limiter "limiter"
Info: rst_controller: "nios_system" instantiated altera_reset_controller "rst_controller"
Info: cmd_xbar_demux: "nios_system" instantiated altera_merlin_demultiplexer "cmd_xbar_demux"
Info: cmd_xbar_demux_001: "nios_system" instantiated altera_merlin_demultiplexer "cmd_xbar_demux_001"
Info: cmd_xbar_demux_002: "nios_system" instantiated altera_merlin_demultiplexer "cmd_xbar_demux_002"
Info: cmd_xbar_mux: "nios_system" instantiated altera_merlin_multiplexer "cmd_xbar_mux"
Info: rsp_xbar_demux: "nios_system" instantiated altera_merlin_demultiplexer "rsp_xbar_demux"
Info: rsp_xbar_demux_002: "nios_system" instantiated altera_merlin_demultiplexer "rsp_xbar_demux_002"
Info: rsp_xbar_mux: "nios_system" instantiated altera_merlin_multiplexer "rsp_xbar_mux"
Info: Reusing file C:/Users/Florian/Documents/GitHub/Car2X/hardware/nios_system/synthesis/submodules/altera_merlin_arbitrator.sv
Info: rsp_xbar_mux_001: "nios_system" instantiated altera_merlin_multiplexer "rsp_xbar_mux_001"
Info: Reusing file C:/Users/Florian/Documents/GitHub/Car2X/hardware/nios_system/synthesis/submodules/altera_merlin_arbitrator.sv
Info: rsp_xbar_mux_002: "nios_system" instantiated altera_merlin_multiplexer "rsp_xbar_mux_002"
Info: Reusing file C:/Users/Florian/Documents/GitHub/Car2X/hardware/nios_system/synthesis/submodules/altera_merlin_arbitrator.sv
Info: irq_mapper: "nios_system" instantiated altera_irq_mapper "irq_mapper"
Info: irq_mapper_001: "nios_system" instantiated altera_irq_mapper "irq_mapper_001"
Info: nios_system: Done nios_system" with 38 modules, 153 files, 4455125 bytes
Info: ip-generate succeeded.
Info: Finished: Create HDL design files for synthesis
