Info: Starting: Create HDL design files for synthesis
Info: ip-generate --project-directory=C:/Users/Florian/Documents/GitHub/Car2X/hardware/ --output-directory=C:/Users/Florian/Documents/GitHub/Car2X/hardware/nios_system/synthesis/ --file-set=QUARTUS_SYNTH --report-file=sopcinfo:C:/Users/Florian/Documents/GitHub/Car2X/hardware/nios_system.sopcinfo --report-file=html:C:/Users/Florian/Documents/GitHub/Car2X/hardware/nios_system.html --report-file=qip:C:/Users/Florian/Documents/GitHub/Car2X/hardware/nios_system/synthesis/nios_system.qip --report-file=cmp:C:/Users/Florian/Documents/GitHub/Car2X/hardware/nios_system.cmp --system-info=DEVICE_FAMILY="Cyclone IV E" --system-info=DEVICE=EP4CE115F29C7 --system-info=DEVICE_SPEEDGRADE=7 --component-file=C:/Users/Florian/Documents/GitHub/Car2X/hardware/nios_system.qsys
Progress: Loading hardware/nios_system.qsys
Progress: Reading input file
Progress: Adding sys_clk [clock_source 12.1]
Progress: Parameterizing module sys_clk
Progress: Adding com_nios [altera_nios2_qsys 12.1]
Progress: Parameterizing module com_nios
Progress: Adding com_uart [altera_avalon_jtag_uart 12.1]
Progress: Parameterizing module com_uart
Progress: Adding tse_mac [triple_speed_ethernet 12.1]
Progress: Parameterizing module tse_mac
Progress: Adding sgdma_rx [altera_avalon_sgdma 12.1]
Progress: Parameterizing module sgdma_rx
Progress: Adding sgdma_tx [altera_avalon_sgdma 12.1]
Progress: Parameterizing module sgdma_tx
Progress: Adding descriptor_memory [altera_avalon_onchip_memory2 12.1]
Progress: Parameterizing module descriptor_memory
Progress: Adding carControl_nios [altera_nios2_qsys 12.1]
Progress: Parameterizing module carControl_nios
Progress: Adding shared_memory [altera_avalon_onchip_memory2 12.1]
Progress: Parameterizing module shared_memory
Progress: Adding carControl_memory [altera_avalon_onchip_memory2 12.1]
Progress: Parameterizing module carControl_memory
Progress: Adding shared_memory_mutex [altera_avalon_mutex 12.1]
Progress: Parameterizing module shared_memory_mutex
Progress: Adding carControl_uart [altera_avalon_jtag_uart 12.1]
Progress: Parameterizing module carControl_uart
Progress: Adding com_timer [altera_avalon_timer 12.1]
Progress: Parameterizing module com_timer
Progress: Adding com_led [altera_avalon_pio 12.1]
Progress: Parameterizing module com_led
Progress: Adding com_memory [altera_avalon_new_sdram_controller 12.1]
Progress: Parameterizing module com_memory
Progress: Adding com_sdram_clk [altera_up_clocks 12.0]
Progress: Parameterizing module com_sdram_clk
Progress: Building connections
Progress: Parameterizing connections
Progress: Validating
Progress: Done reading input file
Info: nios_system.tse_mac: Please apply the Quartus II and TimeQuest SDC constraints as mentioned in user guide
Info: nios_system.descriptor_memory: Memory will be initialized from descriptor_memory.hex
Info: nios_system.shared_memory: Tightly Coupled Memory operation is not supported with s2 Avalon interface during single clock operation.   
Info: nios_system.shared_memory: Memory will be initialized from shared_memory.hex
Info: nios_system.carControl_memory: Memory will be initialized from carControl_memory.hex
Info: nios_system: Generating nios_system "nios_system" for QUARTUS_SYNTH
Info: pipeline_bridge_swap_transform: After transform: 16 modules, 108 connections
Info: No custom instruction connections, skipping transform 
Info: merlin_translator_transform: After transform: 41 modules, 256 connections
Info: merlin_domain_transform: After transform: 82 modules, 669 connections
Info: merlin_router_transform: After transform: 107 modules, 817 connections
Info: merlin_traffic_limiter_transform: After transform: 109 modules, 831 connections
Info: reset_adaptation_transform: After transform: 112 modules, 461 connections
Info: merlin_network_to_switch_transform: After transform: 161 modules, 563 connections
Info: limiter_update_transform: After transform: 161 modules, 565 connections
Info: merlin_interrupt_mapper_transform: After transform: 163 modules, 571 connections
Info: com_nios: Starting RTL generation for module 'nios_system_com_nios'
Info: com_nios:   Generation command is [exec C:/altera/12.1/quartus/../ip/altera/nios2_ip/altera_nios2/eperl.exe -I C:/altera/12.1/quartus/common/ip/altera/common/perl/5.8.3 -I C:/altera/12.1/quartus/sopc_builder/bin/europa -I C:/altera/12.1/quartus/sopc_builder/bin/perl_lib -I C:/altera/12.1/quartus/sopc_builder/bin -I C:/altera/12.1/quartus/../ip/altera/nios2_ip/altera_nios2/cpu_lib -I C:/altera/12.1/quartus/../ip/altera/nios2_ip/altera_nios2/nios_lib -I C:/altera/12.1/quartus/../ip/altera/nios2_ip/altera_nios2 -I C:/altera/12.1/quartus/../ip/altera/nios2_ip/altera_nios2 -- C:/altera/12.1/quartus/../ip/altera/nios2_ip/altera_nios2/generate_rtl.epl --name=nios_system_com_nios --dir=C:/Users/Florian/AppData/Local/Temp/alt6242_614552765460899819.dir/0590_com_nios_gen/ --quartus_dir=C:/altera/12.1/quartus --verilog --config=C:/Users/Florian/AppData/Local/Temp/alt6242_614552765460899819.dir/0590_com_nios_gen//nios_system_com_nios_processor_configuration.pl  --do_build_sim=0    --bogus  ]
Info: com_nios: # 2014.06.21 13:37:02 (*) Starting Nios II generation
Info: com_nios: # 2014.06.21 13:37:02 (*)   Checking for plaintext license.
Info: com_nios: # 2014.06.21 13:37:02 (*)   Couldn't query license setup in Quartus directory C:/altera/12.1/quartus
Info: com_nios: # 2014.06.21 13:37:02 (*)   Defaulting to contents of LM_LICENSE_FILE environment variable
Info: com_nios: # 2014.06.21 13:37:02 (*)   LM_LICENSE_FILE environment variable is empty
Info: com_nios: # 2014.06.21 13:37:02 (*)   Plaintext license not found.
Info: com_nios: # 2014.06.21 13:37:02 (*)   Checking for encrypted license (non-evaluation).
Info: com_nios: # 2014.06.21 13:37:03 (*)   Couldn't query license setup in Quartus directory C:/altera/12.1/quartus
Info: com_nios: # 2014.06.21 13:37:03 (*)   Defaulting to contents of LM_LICENSE_FILE environment variable
Info: com_nios: # 2014.06.21 13:37:03 (*)   LM_LICENSE_FILE environment variable is empty
Info: com_nios: # 2014.06.21 13:37:03 (*)   Encrypted license not found.  Defaulting to OCP evaluation license (produces a time-limited SOF)
Info: com_nios: # 2014.06.21 13:37:03 (*)   Elaborating CPU configuration settings
Info: com_nios: # 2014.06.21 13:37:03 (*)   Creating all objects for CPU
Info: com_nios: # 2014.06.21 13:37:03 (*)     Pipeline frontend
Info: com_nios: # 2014.06.21 13:37:05 (*)   Generating RTL from CPU objects
Info: com_nios: # 2014.06.21 13:37:08 (*)   Creating encrypted RTL
Info: com_nios: # 2014.06.21 13:37:09 (*) Done Nios II generation
Info: com_nios: Done RTL generation for module 'nios_system_com_nios'
Info: com_nios: "nios_system" instantiated altera_nios2_qsys "com_nios"
Info: Starting classic module elaboration.
Qt: Untested Windows version 6.2 detected!
"c:/altera/12.1/quartus/bin/jre/bin/java.exe" -Xmx512M -classpath "c:/altera/12.1/quartus/sopc_builder/bin/sopc_builder.jar;c:/altera/12.1/quartus/sopc_builder/bin/PinAssigner.jar;c:/altera/12.1/quartus/sopc_builder/bin/sopc_wizard.jar;c:/altera/12.1/quartus/sopc_builder/bin/jptf.jar" sopc_builder.sopc_builder  -d"c:/altera/12.1/quartus/sopc_builder" -notalkback=1 -projectnameyysystem.qpf -projectpathC:/Users/Florian/AppData/Local/Temp/alt6242_614552765460899819.dir/0591_sopclgen  --no_splash --refresh C:/Users/Florian/AppData/Local/Temp/alt6242_614552765460899819.dir/0591_sopclgen/yysystem.v --quartus_dir="c:/altera/12.1/quartus" --sopc_perl="c:/altera/12.1/quartus/bin/perl" --sopc_lib_path="++c:/altera/12.1/quartus/../ip/altera/sopc_builder_ip+c:/altera/12.1/quartus/../ip/altera/nios2_ip"
Info: Finished elaborating classic module.
Executing: C:/altera/12.1/quartus//sopc_builder/bin/sopc_builder --classic --generate C:/Users/Florian/AppData/Local/Temp/alt6242_614552765460899819.dir/0591_sopclgen/yysystem.ptf
Info: Running sopc_builder...
Qt: Untested Windows version 6.2 detected!
"c:/altera/12.1/quartus/bin/jre/bin/java.exe" -Xmx512M -classpath "c:/altera/12.1/quartus/sopc_builder/bin/sopc_builder.jar;c:/altera/12.1/quartus/sopc_builder/bin/PinAssigner.jar;c:/altera/12.1/quartus/sopc_builder/bin/sopc_wizard.jar;c:/altera/12.1/quartus/sopc_builder/bin/jptf.jar" sopc_builder.sopc_builder  -d"c:/altera/12.1/quartus/sopc_builder" -notalkback=1 -projectnameyysystem.qpf -projectpathC:/Users/Florian/AppData/Local/Temp/alt6242_614552765460899819.dir/0591_sopclgen  --generate C:/Users/Florian/AppData/Local/Temp/alt6242_614552765460899819.dir/0591_sopclgen/yysystem.v --quartus_dir="c:/altera/12.1/quartus" --sopc_perl="c:/altera/12.1/quartus/bin/perl" --sopc_lib_path="++c:/altera/12.1/quartus/../ip/altera/sopc_builder_ip+c:/altera/12.1/quartus/../ip/altera/nios2_ip"
No .sopc_builder configuration file(!)
.
# 2014.06.21 13:37:13 (*) Success: sopc_builder finished.
Info: com_uart: "nios_system" instantiated altera_avalon_jtag_uart "com_uart"
Info: tse_mac: Preparing to generate...
Info: tse_mac: Variation name : nios_system_tse_mac
Info: tse_mac: Variation language : Verilog HDL
Info: tse_mac: Output directory : C:\Users\Florian\AppData\Local\Temp\alt6242_614552765460899819.dir\0592_iptb_gen
Info: tse_mac: Generating HDL... 
Info: tse_mac: Generating QIP file ...
Info: tse_mac: Updating user's project directory...
Info: tse_mac: HDL generated
Info: tse_mac: Generation successful.
Info: tse_mac: "nios_system" instantiated triple_speed_ethernet "tse_mac"
Info: Starting classic module elaboration.
Qt: Untested Windows version 6.2 detected!
"c:/altera/12.1/quartus/bin/jre/bin/java.exe" -Xmx512M -classpath "c:/altera/12.1/quartus/sopc_builder/bin/sopc_builder.jar;c:/altera/12.1/quartus/sopc_builder/bin/PinAssigner.jar;c:/altera/12.1/quartus/sopc_builder/bin/sopc_wizard.jar;c:/altera/12.1/quartus/sopc_builder/bin/jptf.jar" sopc_builder.sopc_builder  -d"c:/altera/12.1/quartus/sopc_builder" -notalkback=1 -projectnameyysystem.qpf -projectpathC:/Users/Florian/AppData/Local/Temp/alt6242_614552765460899819.dir/0593_sopclgen  --no_splash --refresh C:/Users/Florian/AppData/Local/Temp/alt6242_614552765460899819.dir/0593_sopclgen/yysystem.v --quartus_dir="c:/altera/12.1/quartus" --sopc_perl="c:/altera/12.1/quartus/bin/perl" --sopc_lib_path="++c:/altera/12.1/quartus/../ip/altera/sopc_builder_ip+c:/altera/12.1/quartus/../ip/altera/nios2_ip"
Info: Finished elaborating classic module.
Executing: C:/altera/12.1/quartus//sopc_builder/bin/sopc_builder --classic --generate C:/Users/Florian/AppData/Local/Temp/alt6242_614552765460899819.dir/0593_sopclgen/yysystem.ptf
Info: Running sopc_builder...
Qt: Untested Windows version 6.2 detected!
"c:/altera/12.1/quartus/bin/jre/bin/java.exe" -Xmx512M -classpath "c:/altera/12.1/quartus/sopc_builder/bin/sopc_builder.jar;c:/altera/12.1/quartus/sopc_builder/bin/PinAssigner.jar;c:/altera/12.1/quartus/sopc_builder/bin/sopc_wizard.jar;c:/altera/12.1/quartus/sopc_builder/bin/jptf.jar" sopc_builder.sopc_builder  -d"c:/altera/12.1/quartus/sopc_builder" -notalkback=1 -projectnameyysystem.qpf -projectpathC:/Users/Florian/AppData/Local/Temp/alt6242_614552765460899819.dir/0593_sopclgen  --generate C:/Users/Florian/AppData/Local/Temp/alt6242_614552765460899819.dir/0593_sopclgen/yysystem.v --quartus_dir="c:/altera/12.1/quartus" --sopc_perl="c:/altera/12.1/quartus/bin/perl" --sopc_lib_path="++c:/altera/12.1/quartus/../ip/altera/sopc_builder_ip+c:/altera/12.1/quartus/../ip/altera/nios2_ip"
No .sopc_builder configuration file(!)
.
# 2014.06.21 13:37:22 (*) Success: sopc_builder finished.
Info: sgdma_rx: "nios_system" instantiated altera_avalon_sgdma "sgdma_rx"
Info: Starting classic module elaboration.
Qt: Untested Windows version 6.2 detected!
"c:/altera/12.1/quartus/bin/jre/bin/java.exe" -Xmx512M -classpath "c:/altera/12.1/quartus/sopc_builder/bin/sopc_builder.jar;c:/altera/12.1/quartus/sopc_builder/bin/PinAssigner.jar;c:/altera/12.1/quartus/sopc_builder/bin/sopc_wizard.jar;c:/altera/12.1/quartus/sopc_builder/bin/jptf.jar" sopc_builder.sopc_builder  -d"c:/altera/12.1/quartus/sopc_builder" -notalkback=1 -projectnameyysystem.qpf -projectpathC:/Users/Florian/AppData/Local/Temp/alt6242_614552765460899819.dir/0594_sopclgen  --no_splash --refresh C:/Users/Florian/AppData/Local/Temp/alt6242_614552765460899819.dir/0594_sopclgen/yysystem.v --quartus_dir="c:/altera/12.1/quartus" --sopc_perl="c:/altera/12.1/quartus/bin/perl" --sopc_lib_path="++c:/altera/12.1/quartus/../ip/altera/sopc_builder_ip+c:/altera/12.1/quartus/../ip/altera/nios2_ip"
Info: Finished elaborating classic module.
Executing: C:/altera/12.1/quartus//sopc_builder/bin/sopc_builder --classic --generate C:/Users/Florian/AppData/Local/Temp/alt6242_614552765460899819.dir/0594_sopclgen/yysystem.ptf
Info: Running sopc_builder...
Qt: Untested Windows version 6.2 detected!
"c:/altera/12.1/quartus/bin/jre/bin/java.exe" -Xmx512M -classpath "c:/altera/12.1/quartus/sopc_builder/bin/sopc_builder.jar;c:/altera/12.1/quartus/sopc_builder/bin/PinAssigner.jar;c:/altera/12.1/quartus/sopc_builder/bin/sopc_wizard.jar;c:/altera/12.1/quartus/sopc_builder/bin/jptf.jar" sopc_builder.sopc_builder  -d"c:/altera/12.1/quartus/sopc_builder" -notalkback=1 -projectnameyysystem.qpf -projectpathC:/Users/Florian/AppData/Local/Temp/alt6242_614552765460899819.dir/0594_sopclgen  --generate C:/Users/Florian/AppData/Local/Temp/alt6242_614552765460899819.dir/0594_sopclgen/yysystem.v --quartus_dir="c:/altera/12.1/quartus" --sopc_perl="c:/altera/12.1/quartus/bin/perl" --sopc_lib_path="++c:/altera/12.1/quartus/../ip/altera/sopc_builder_ip+c:/altera/12.1/quartus/../ip/altera/nios2_ip"
No .sopc_builder configuration file(!)
.
# 2014.06.21 13:37:29 (*) Success: sopc_builder finished.
Info: sgdma_tx: "nios_system" instantiated altera_avalon_sgdma "sgdma_tx"
Info: Starting classic module elaboration.
Qt: Untested Windows version 6.2 detected!
"c:/altera/12.1/quartus/bin/jre/bin/java.exe" -Xmx512M -classpath "c:/altera/12.1/quartus/sopc_builder/bin/sopc_builder.jar;c:/altera/12.1/quartus/sopc_builder/bin/PinAssigner.jar;c:/altera/12.1/quartus/sopc_builder/bin/sopc_wizard.jar;c:/altera/12.1/quartus/sopc_builder/bin/jptf.jar" sopc_builder.sopc_builder  -d"c:/altera/12.1/quartus/sopc_builder" -notalkback=1 -projectnameyysystem.qpf -projectpathC:/Users/Florian/AppData/Local/Temp/alt6242_614552765460899819.dir/0595_sopclgen  --no_splash --refresh C:/Users/Florian/AppData/Local/Temp/alt6242_614552765460899819.dir/0595_sopclgen/yysystem.v --quartus_dir="c:/altera/12.1/quartus" --sopc_perl="c:/altera/12.1/quartus/bin/perl" --sopc_lib_path="++c:/altera/12.1/quartus/../ip/altera/sopc_builder_ip+c:/altera/12.1/quartus/../ip/altera/nios2_ip"
Info: Finished elaborating classic module.
Executing: C:/altera/12.1/quartus//sopc_builder/bin/sopc_builder --classic --generate C:/Users/Florian/AppData/Local/Temp/alt6242_614552765460899819.dir/0595_sopclgen/yysystem.ptf
Info: Running sopc_builder...
Qt: Untested Windows version 6.2 detected!
"c:/altera/12.1/quartus/bin/jre/bin/java.exe" -Xmx512M -classpath "c:/altera/12.1/quartus/sopc_builder/bin/sopc_builder.jar;c:/altera/12.1/quartus/sopc_builder/bin/PinAssigner.jar;c:/altera/12.1/quartus/sopc_builder/bin/sopc_wizard.jar;c:/altera/12.1/quartus/sopc_builder/bin/jptf.jar" sopc_builder.sopc_builder  -d"c:/altera/12.1/quartus/sopc_builder" -notalkback=1 -projectnameyysystem.qpf -projectpathC:/Users/Florian/AppData/Local/Temp/alt6242_614552765460899819.dir/0595_sopclgen  --generate C:/Users/Florian/AppData/Local/Temp/alt6242_614552765460899819.dir/0595_sopclgen/yysystem.v --quartus_dir="c:/altera/12.1/quartus" --sopc_perl="c:/altera/12.1/quartus/bin/perl" --sopc_lib_path="++c:/altera/12.1/quartus/../ip/altera/sopc_builder_ip+c:/altera/12.1/quartus/../ip/altera/nios2_ip"
No .sopc_builder configuration file(!)
.
# 2014.06.21 13:37:33 (*) Success: sopc_builder finished.
Info: descriptor_memory: "nios_system" instantiated altera_avalon_onchip_memory2 "descriptor_memory"
Info: carControl_nios: Starting RTL generation for module 'nios_system_carControl_nios'
Info: carControl_nios:   Generation command is [exec C:/altera/12.1/quartus/../ip/altera/nios2_ip/altera_nios2/eperl.exe -I C:/altera/12.1/quartus/common/ip/altera/common/perl/5.8.3 -I C:/altera/12.1/quartus/sopc_builder/bin/europa -I C:/altera/12.1/quartus/sopc_builder/bin/perl_lib -I C:/altera/12.1/quartus/sopc_builder/bin -I C:/altera/12.1/quartus/../ip/altera/nios2_ip/altera_nios2/cpu_lib -I C:/altera/12.1/quartus/../ip/altera/nios2_ip/altera_nios2/nios_lib -I C:/altera/12.1/quartus/../ip/altera/nios2_ip/altera_nios2 -I C:/altera/12.1/quartus/../ip/altera/nios2_ip/altera_nios2 -- C:/altera/12.1/quartus/../ip/altera/nios2_ip/altera_nios2/generate_rtl.epl --name=nios_system_carControl_nios --dir=C:/Users/Florian/AppData/Local/Temp/alt6242_614552765460899819.dir/0596_carControl_nios_gen/ --quartus_dir=C:/altera/12.1/quartus --verilog --config=C:/Users/Florian/AppData/Local/Temp/alt6242_614552765460899819.dir/0596_carControl_nios_gen//nios_system_carControl_nios_processor_configuration.pl  --do_build_sim=0    --bogus  ]
Info: carControl_nios: # 2014.06.21 13:37:34 (*) Starting Nios II generation
Info: carControl_nios: # 2014.06.21 13:37:34 (*)   Checking for plaintext license.
Info: carControl_nios: # 2014.06.21 13:37:35 (*)   Couldn't query license setup in Quartus directory C:/altera/12.1/quartus
Info: carControl_nios: # 2014.06.21 13:37:35 (*)   Defaulting to contents of LM_LICENSE_FILE environment variable
Info: carControl_nios: # 2014.06.21 13:37:35 (*)   LM_LICENSE_FILE environment variable is empty
Info: carControl_nios: # 2014.06.21 13:37:35 (*)   Plaintext license not found.
Info: carControl_nios: # 2014.06.21 13:37:35 (*)   Checking for encrypted license (non-evaluation).
Info: carControl_nios: # 2014.06.21 13:37:35 (*)   Couldn't query license setup in Quartus directory C:/altera/12.1/quartus
Info: carControl_nios: # 2014.06.21 13:37:35 (*)   Defaulting to contents of LM_LICENSE_FILE environment variable
Info: carControl_nios: # 2014.06.21 13:37:35 (*)   LM_LICENSE_FILE environment variable is empty
Info: carControl_nios: # 2014.06.21 13:37:35 (*)   Encrypted license not found.  Defaulting to OCP evaluation license (produces a time-limited SOF)
Info: carControl_nios: # 2014.06.21 13:37:35 (*)   Elaborating CPU configuration settings
Info: carControl_nios: # 2014.06.21 13:37:35 (*)   Creating all objects for CPU
Info: carControl_nios: # 2014.06.21 13:37:36 (*)     Pipeline frontend
Info: carControl_nios: # 2014.06.21 13:37:37 (*)   Generating RTL from CPU objects
Info: carControl_nios: # 2014.06.21 13:37:40 (*)   Creating encrypted RTL
Info: carControl_nios: # 2014.06.21 13:37:41 (*) Done Nios II generation
Info: carControl_nios: Done RTL generation for module 'nios_system_carControl_nios'
Info: carControl_nios: "nios_system" instantiated altera_nios2_qsys "carControl_nios"
Info: Starting classic module elaboration.
Qt: Untested Windows version 6.2 detected!
"c:/altera/12.1/quartus/bin/jre/bin/java.exe" -Xmx512M -classpath "c:/altera/12.1/quartus/sopc_builder/bin/sopc_builder.jar;c:/altera/12.1/quartus/sopc_builder/bin/PinAssigner.jar;c:/altera/12.1/quartus/sopc_builder/bin/sopc_wizard.jar;c:/altera/12.1/quartus/sopc_builder/bin/jptf.jar" sopc_builder.sopc_builder  -d"c:/altera/12.1/quartus/sopc_builder" -notalkback=1 -projectnameyysystem.qpf -projectpathC:/Users/Florian/AppData/Local/Temp/alt6242_614552765460899819.dir/0597_sopclgen  --no_splash --refresh C:/Users/Florian/AppData/Local/Temp/alt6242_614552765460899819.dir/0597_sopclgen/yysystem.v --quartus_dir="c:/altera/12.1/quartus" --sopc_perl="c:/altera/12.1/quartus/bin/perl" --sopc_lib_path="++c:/altera/12.1/quartus/../ip/altera/sopc_builder_ip+c:/altera/12.1/quartus/../ip/altera/nios2_ip"
Info: Finished elaborating classic module.
Executing: C:/altera/12.1/quartus//sopc_builder/bin/sopc_builder --classic --generate C:/Users/Florian/AppData/Local/Temp/alt6242_614552765460899819.dir/0597_sopclgen/yysystem.ptf
Info: Running sopc_builder...
Qt: Untested Windows version 6.2 detected!
"c:/altera/12.1/quartus/bin/jre/bin/java.exe" -Xmx512M -classpath "c:/altera/12.1/quartus/sopc_builder/bin/sopc_builder.jar;c:/altera/12.1/quartus/sopc_builder/bin/PinAssigner.jar;c:/altera/12.1/quartus/sopc_builder/bin/sopc_wizard.jar;c:/altera/12.1/quartus/sopc_builder/bin/jptf.jar" sopc_builder.sopc_builder  -d"c:/altera/12.1/quartus/sopc_builder" -notalkback=1 -projectnameyysystem.qpf -projectpathC:/Users/Florian/AppData/Local/Temp/alt6242_614552765460899819.dir/0597_sopclgen  --generate C:/Users/Florian/AppData/Local/Temp/alt6242_614552765460899819.dir/0597_sopclgen/yysystem.v --quartus_dir="c:/altera/12.1/quartus" --sopc_perl="c:/altera/12.1/quartus/bin/perl" --sopc_lib_path="++c:/altera/12.1/quartus/../ip/altera/sopc_builder_ip+c:/altera/12.1/quartus/../ip/altera/nios2_ip"
No .sopc_builder configuration file(!)
.
# 2014.06.21 13:37:46 (*) Success: sopc_builder finished.
Info: shared_memory: "nios_system" instantiated altera_avalon_onchip_memory2 "shared_memory"
Info: Starting classic module elaboration.
Qt: Untested Windows version 6.2 detected!
"c:/altera/12.1/quartus/bin/jre/bin/java.exe" -Xmx512M -classpath "c:/altera/12.1/quartus/sopc_builder/bin/sopc_builder.jar;c:/altera/12.1/quartus/sopc_builder/bin/PinAssigner.jar;c:/altera/12.1/quartus/sopc_builder/bin/sopc_wizard.jar;c:/altera/12.1/quartus/sopc_builder/bin/jptf.jar" sopc_builder.sopc_builder  -d"c:/altera/12.1/quartus/sopc_builder" -notalkback=1 -projectnameyysystem.qpf -projectpathC:/Users/Florian/AppData/Local/Temp/alt6242_614552765460899819.dir/0598_sopclgen  --no_splash --refresh C:/Users/Florian/AppData/Local/Temp/alt6242_614552765460899819.dir/0598_sopclgen/yysystem.v --quartus_dir="c:/altera/12.1/quartus" --sopc_perl="c:/altera/12.1/quartus/bin/perl" --sopc_lib_path="++c:/altera/12.1/quartus/../ip/altera/sopc_builder_ip+c:/altera/12.1/quartus/../ip/altera/nios2_ip"
Info: Finished elaborating classic module.
Executing: C:/altera/12.1/quartus//sopc_builder/bin/sopc_builder --classic --generate C:/Users/Florian/AppData/Local/Temp/alt6242_614552765460899819.dir/0598_sopclgen/yysystem.ptf
Info: Running sopc_builder...
Qt: Untested Windows version 6.2 detected!
"c:/altera/12.1/quartus/bin/jre/bin/java.exe" -Xmx512M -classpath "c:/altera/12.1/quartus/sopc_builder/bin/sopc_builder.jar;c:/altera/12.1/quartus/sopc_builder/bin/PinAssigner.jar;c:/altera/12.1/quartus/sopc_builder/bin/sopc_wizard.jar;c:/altera/12.1/quartus/sopc_builder/bin/jptf.jar" sopc_builder.sopc_builder  -d"c:/altera/12.1/quartus/sopc_builder" -notalkback=1 -projectnameyysystem.qpf -projectpathC:/Users/Florian/AppData/Local/Temp/alt6242_614552765460899819.dir/0598_sopclgen  --generate C:/Users/Florian/AppData/Local/Temp/alt6242_614552765460899819.dir/0598_sopclgen/yysystem.v --quartus_dir="c:/altera/12.1/quartus" --sopc_perl="c:/altera/12.1/quartus/bin/perl" --sopc_lib_path="++c:/altera/12.1/quartus/../ip/altera/sopc_builder_ip+c:/altera/12.1/quartus/../ip/altera/nios2_ip"
No .sopc_builder configuration file(!)
.
# 2014.06.21 13:37:51 (*) Success: sopc_builder finished.
Info: carControl_memory: "nios_system" instantiated altera_avalon_onchip_memory2 "carControl_memory"
Info: Starting classic module elaboration.
Qt: Untested Windows version 6.2 detected!
"c:/altera/12.1/quartus/bin/jre/bin/java.exe" -Xmx512M -classpath "c:/altera/12.1/quartus/sopc_builder/bin/sopc_builder.jar;c:/altera/12.1/quartus/sopc_builder/bin/PinAssigner.jar;c:/altera/12.1/quartus/sopc_builder/bin/sopc_wizard.jar;c:/altera/12.1/quartus/sopc_builder/bin/jptf.jar" sopc_builder.sopc_builder  -d"c:/altera/12.1/quartus/sopc_builder" -notalkback=1 -projectnameyysystem.qpf -projectpathC:/Users/Florian/AppData/Local/Temp/alt6242_614552765460899819.dir/0599_sopclgen  --no_splash --refresh C:/Users/Florian/AppData/Local/Temp/alt6242_614552765460899819.dir/0599_sopclgen/yysystem.v --quartus_dir="c:/altera/12.1/quartus" --sopc_perl="c:/altera/12.1/quartus/bin/perl" --sopc_lib_path="++c:/altera/12.1/quartus/../ip/altera/sopc_builder_ip+c:/altera/12.1/quartus/../ip/altera/nios2_ip"
Info: Finished elaborating classic module.
Executing: C:/altera/12.1/quartus//sopc_builder/bin/sopc_builder --classic --generate C:/Users/Florian/AppData/Local/Temp/alt6242_614552765460899819.dir/0599_sopclgen/yysystem.ptf
Info: Running sopc_builder...
Qt: Untested Windows version 6.2 detected!
"c:/altera/12.1/quartus/bin/jre/bin/java.exe" -Xmx512M -classpath "c:/altera/12.1/quartus/sopc_builder/bin/sopc_builder.jar;c:/altera/12.1/quartus/sopc_builder/bin/PinAssigner.jar;c:/altera/12.1/quartus/sopc_builder/bin/sopc_wizard.jar;c:/altera/12.1/quartus/sopc_builder/bin/jptf.jar" sopc_builder.sopc_builder  -d"c:/altera/12.1/quartus/sopc_builder" -notalkback=1 -projectnameyysystem.qpf -projectpathC:/Users/Florian/AppData/Local/Temp/alt6242_614552765460899819.dir/0599_sopclgen  --generate C:/Users/Florian/AppData/Local/Temp/alt6242_614552765460899819.dir/0599_sopclgen/yysystem.v --quartus_dir="c:/altera/12.1/quartus" --sopc_perl="c:/altera/12.1/quartus/bin/perl" --sopc_lib_path="++c:/altera/12.1/quartus/../ip/altera/sopc_builder_ip+c:/altera/12.1/quartus/../ip/altera/nios2_ip"
No .sopc_builder configuration file(!)
.
# 2014.06.21 13:37:55 (*) Success: sopc_builder finished.
Info: shared_memory_mutex: "nios_system" instantiated altera_avalon_mutex "shared_memory_mutex"
Info: Starting classic module elaboration.
Qt: Untested Windows version 6.2 detected!
"c:/altera/12.1/quartus/bin/jre/bin/java.exe" -Xmx512M -classpath "c:/altera/12.1/quartus/sopc_builder/bin/sopc_builder.jar;c:/altera/12.1/quartus/sopc_builder/bin/PinAssigner.jar;c:/altera/12.1/quartus/sopc_builder/bin/sopc_wizard.jar;c:/altera/12.1/quartus/sopc_builder/bin/jptf.jar" sopc_builder.sopc_builder  -d"c:/altera/12.1/quartus/sopc_builder" -notalkback=1 -projectnameyysystem.qpf -projectpathC:/Users/Florian/AppData/Local/Temp/alt6242_614552765460899819.dir/0600_sopclgen  --no_splash --refresh C:/Users/Florian/AppData/Local/Temp/alt6242_614552765460899819.dir/0600_sopclgen/yysystem.v --quartus_dir="c:/altera/12.1/quartus" --sopc_perl="c:/altera/12.1/quartus/bin/perl" --sopc_lib_path="++c:/altera/12.1/quartus/../ip/altera/sopc_builder_ip+c:/altera/12.1/quartus/../ip/altera/nios2_ip"
Info: Finished elaborating classic module.
Executing: C:/altera/12.1/quartus//sopc_builder/bin/sopc_builder --classic --generate C:/Users/Florian/AppData/Local/Temp/alt6242_614552765460899819.dir/0600_sopclgen/yysystem.ptf
Info: Running sopc_builder...
Qt: Untested Windows version 6.2 detected!
"c:/altera/12.1/quartus/bin/jre/bin/java.exe" -Xmx512M -classpath "c:/altera/12.1/quartus/sopc_builder/bin/sopc_builder.jar;c:/altera/12.1/quartus/sopc_builder/bin/PinAssigner.jar;c:/altera/12.1/quartus/sopc_builder/bin/sopc_wizard.jar;c:/altera/12.1/quartus/sopc_builder/bin/jptf.jar" sopc_builder.sopc_builder  -d"c:/altera/12.1/quartus/sopc_builder" -notalkback=1 -projectnameyysystem.qpf -projectpathC:/Users/Florian/AppData/Local/Temp/alt6242_614552765460899819.dir/0600_sopclgen  --generate C:/Users/Florian/AppData/Local/Temp/alt6242_614552765460899819.dir/0600_sopclgen/yysystem.v --quartus_dir="c:/altera/12.1/quartus" --sopc_perl="c:/altera/12.1/quartus/bin/perl" --sopc_lib_path="++c:/altera/12.1/quartus/../ip/altera/sopc_builder_ip+c:/altera/12.1/quartus/../ip/altera/nios2_ip"
No .sopc_builder configuration file(!)
.
# 2014.06.21 13:38:00 (*) Success: sopc_builder finished.
Info: com_timer: "nios_system" instantiated altera_avalon_timer "com_timer"
Info: Starting classic module elaboration.
Qt: Untested Windows version 6.2 detected!
"c:/altera/12.1/quartus/bin/jre/bin/java.exe" -Xmx512M -classpath "c:/altera/12.1/quartus/sopc_builder/bin/sopc_builder.jar;c:/altera/12.1/quartus/sopc_builder/bin/PinAssigner.jar;c:/altera/12.1/quartus/sopc_builder/bin/sopc_wizard.jar;c:/altera/12.1/quartus/sopc_builder/bin/jptf.jar" sopc_builder.sopc_builder  -d"c:/altera/12.1/quartus/sopc_builder" -notalkback=1 -projectnameyysystem.qpf -projectpathC:/Users/Florian/AppData/Local/Temp/alt6242_614552765460899819.dir/0601_sopclgen  --no_splash --refresh C:/Users/Florian/AppData/Local/Temp/alt6242_614552765460899819.dir/0601_sopclgen/yysystem.v --quartus_dir="c:/altera/12.1/quartus" --sopc_perl="c:/altera/12.1/quartus/bin/perl" --sopc_lib_path="++c:/altera/12.1/quartus/../ip/altera/sopc_builder_ip+c:/altera/12.1/quartus/../ip/altera/nios2_ip"
Info: Finished elaborating classic module.
Executing: C:/altera/12.1/quartus//sopc_builder/bin/sopc_builder --classic --generate C:/Users/Florian/AppData/Local/Temp/alt6242_614552765460899819.dir/0601_sopclgen/yysystem.ptf
Info: Running sopc_builder...
Qt: Untested Windows version 6.2 detected!
"c:/altera/12.1/quartus/bin/jre/bin/java.exe" -Xmx512M -classpath "c:/altera/12.1/quartus/sopc_builder/bin/sopc_builder.jar;c:/altera/12.1/quartus/sopc_builder/bin/PinAssigner.jar;c:/altera/12.1/quartus/sopc_builder/bin/sopc_wizard.jar;c:/altera/12.1/quartus/sopc_builder/bin/jptf.jar" sopc_builder.sopc_builder  -d"c:/altera/12.1/quartus/sopc_builder" -notalkback=1 -projectnameyysystem.qpf -projectpathC:/Users/Florian/AppData/Local/Temp/alt6242_614552765460899819.dir/0601_sopclgen  --generate C:/Users/Florian/AppData/Local/Temp/alt6242_614552765460899819.dir/0601_sopclgen/yysystem.v --quartus_dir="c:/altera/12.1/quartus" --sopc_perl="c:/altera/12.1/quartus/bin/perl" --sopc_lib_path="++c:/altera/12.1/quartus/../ip/altera/sopc_builder_ip+c:/altera/12.1/quartus/../ip/altera/nios2_ip"
No .sopc_builder configuration file(!)
.
# 2014.06.21 13:38:04 (*) Success: sopc_builder finished.
Info: com_led: "nios_system" instantiated altera_avalon_pio "com_led"
Info: Starting classic module elaboration.
Qt: Untested Windows version 6.2 detected!
"c:/altera/12.1/quartus/bin/jre/bin/java.exe" -Xmx512M -classpath "c:/altera/12.1/quartus/sopc_builder/bin/sopc_builder.jar;c:/altera/12.1/quartus/sopc_builder/bin/PinAssigner.jar;c:/altera/12.1/quartus/sopc_builder/bin/sopc_wizard.jar;c:/altera/12.1/quartus/sopc_builder/bin/jptf.jar" sopc_builder.sopc_builder  -d"c:/altera/12.1/quartus/sopc_builder" -notalkback=1 -projectnameyysystem.qpf -projectpathC:/Users/Florian/AppData/Local/Temp/alt6242_614552765460899819.dir/0602_sopclgen  --no_splash --refresh C:/Users/Florian/AppData/Local/Temp/alt6242_614552765460899819.dir/0602_sopclgen/yysystem.v --quartus_dir="c:/altera/12.1/quartus" --sopc_perl="c:/altera/12.1/quartus/bin/perl" --sopc_lib_path="++c:/altera/12.1/quartus/../ip/altera/sopc_builder_ip+c:/altera/12.1/quartus/../ip/altera/nios2_ip"
Info: Finished elaborating classic module.
Executing: C:/altera/12.1/quartus//sopc_builder/bin/sopc_builder --classic --generate C:/Users/Florian/AppData/Local/Temp/alt6242_614552765460899819.dir/0602_sopclgen/yysystem.ptf
Info: Running sopc_builder...
Qt: Untested Windows version 6.2 detected!
"c:/altera/12.1/quartus/bin/jre/bin/java.exe" -Xmx512M -classpath "c:/altera/12.1/quartus/sopc_builder/bin/sopc_builder.jar;c:/altera/12.1/quartus/sopc_builder/bin/PinAssigner.jar;c:/altera/12.1/quartus/sopc_builder/bin/sopc_wizard.jar;c:/altera/12.1/quartus/sopc_builder/bin/jptf.jar" sopc_builder.sopc_builder  -d"c:/altera/12.1/quartus/sopc_builder" -notalkback=1 -projectnameyysystem.qpf -projectpathC:/Users/Florian/AppData/Local/Temp/alt6242_614552765460899819.dir/0602_sopclgen  --generate C:/Users/Florian/AppData/Local/Temp/alt6242_614552765460899819.dir/0602_sopclgen/yysystem.v --quartus_dir="c:/altera/12.1/quartus" --sopc_perl="c:/altera/12.1/quartus/bin/perl" --sopc_lib_path="++c:/altera/12.1/quartus/../ip/altera/sopc_builder_ip+c:/altera/12.1/quartus/../ip/altera/nios2_ip"
No .sopc_builder configuration file(!)
.
.
# 2014.06.21 13:38:09 (*) Running Test Generator Program for nios_system_com_memory
# 2014.06.21 13:38:10 (*) Success: sopc_builder finished.
Info: com_memory: "nios_system" instantiated altera_avalon_new_sdram_controller "com_memory"
Info: com_sdram_clk: Starting Generation of Required Clocks for DE-Series Boards
Info: com_sdram_clk: "nios_system" instantiated altera_up_clocks "com_sdram_clk"
Info: com_nios_instruction_master_translator: "nios_system" instantiated altera_merlin_master_translator "com_nios_instruction_master_translator"
Info: com_nios_jtag_debug_module_translator: "nios_system" instantiated altera_merlin_slave_translator "com_nios_jtag_debug_module_translator"
Info: com_nios_instruction_master_translator_avalon_universal_master_0_agent: "nios_system" instantiated altera_merlin_master_agent "com_nios_instruction_master_translator_avalon_universal_master_0_agent"
Info: com_nios_jtag_debug_module_translator_avalon_universal_slave_0_agent: "nios_system" instantiated altera_merlin_slave_agent "com_nios_jtag_debug_module_translator_avalon_universal_slave_0_agent"
Info: com_nios_jtag_debug_module_translator_avalon_universal_slave_0_agent_rsp_fifo: "nios_system" instantiated altera_avalon_sc_fifo "com_nios_jtag_debug_module_translator_avalon_universal_slave_0_agent_rsp_fifo"
Info: addr_router: "nios_system" instantiated altera_merlin_router "addr_router"
Info: addr_router_001: "nios_system" instantiated altera_merlin_router "addr_router_001"
Info: addr_router_002: "nios_system" instantiated altera_merlin_router "addr_router_002"
Info: addr_router_003: "nios_system" instantiated altera_merlin_router "addr_router_003"
Info: addr_router_004: "nios_system" instantiated altera_merlin_router "addr_router_004"
Info: addr_router_008: "nios_system" instantiated altera_merlin_router "addr_router_008"
Info: id_router: "nios_system" instantiated altera_merlin_router "id_router"
Info: id_router_001: "nios_system" instantiated altera_merlin_router "id_router_001"
Info: id_router_002: "nios_system" instantiated altera_merlin_router "id_router_002"
Info: id_router_003: "nios_system" instantiated altera_merlin_router "id_router_003"
Info: id_router_008: "nios_system" instantiated altera_merlin_router "id_router_008"
Info: id_router_011: "nios_system" instantiated altera_merlin_router "id_router_011"
Info: id_router_012: "nios_system" instantiated altera_merlin_router "id_router_012"
Info: limiter: "nios_system" instantiated altera_merlin_traffic_limiter "limiter"
Info: rst_controller: "nios_system" instantiated altera_reset_controller "rst_controller"
Info: cmd_xbar_demux: "nios_system" instantiated altera_merlin_demultiplexer "cmd_xbar_demux"
Info: cmd_xbar_demux_001: "nios_system" instantiated altera_merlin_demultiplexer "cmd_xbar_demux_001"
Info: cmd_xbar_demux_002: "nios_system" instantiated altera_merlin_demultiplexer "cmd_xbar_demux_002"
Info: cmd_xbar_demux_004: "nios_system" instantiated altera_merlin_demultiplexer "cmd_xbar_demux_004"
Info: cmd_xbar_mux: "nios_system" instantiated altera_merlin_multiplexer "cmd_xbar_mux"
Info: cmd_xbar_mux_001: "nios_system" instantiated altera_merlin_multiplexer "cmd_xbar_mux_001"
Info: Reusing file C:/Users/Florian/Documents/GitHub/Car2X/hardware/nios_system/synthesis/submodules/altera_merlin_arbitrator.sv
Info: cmd_xbar_mux_002: "nios_system" instantiated altera_merlin_multiplexer "cmd_xbar_mux_002"
Info: Reusing file C:/Users/Florian/Documents/GitHub/Car2X/hardware/nios_system/synthesis/submodules/altera_merlin_arbitrator.sv
Info: rsp_xbar_demux: "nios_system" instantiated altera_merlin_demultiplexer "rsp_xbar_demux"
Info: rsp_xbar_demux_001: "nios_system" instantiated altera_merlin_demultiplexer "rsp_xbar_demux_001"
Info: rsp_xbar_mux: "nios_system" instantiated altera_merlin_multiplexer "rsp_xbar_mux"
Info: Reusing file C:/Users/Florian/Documents/GitHub/Car2X/hardware/nios_system/synthesis/submodules/altera_merlin_arbitrator.sv
Info: rsp_xbar_mux_001: "nios_system" instantiated altera_merlin_multiplexer "rsp_xbar_mux_001"
Info: Reusing file C:/Users/Florian/Documents/GitHub/Car2X/hardware/nios_system/synthesis/submodules/altera_merlin_arbitrator.sv
Info: rsp_xbar_mux_002: "nios_system" instantiated altera_merlin_multiplexer "rsp_xbar_mux_002"
Info: Reusing file C:/Users/Florian/Documents/GitHub/Car2X/hardware/nios_system/synthesis/submodules/altera_merlin_arbitrator.sv
Info: irq_mapper: "nios_system" instantiated altera_irq_mapper "irq_mapper"
Info: irq_mapper_001: "nios_system" instantiated altera_irq_mapper "irq_mapper_001"
Info: nios_system: Done nios_system" with 49 modules, 388 files, 10185289 bytes
Info: ip-generate succeeded.
Info: Finished: Create HDL design files for synthesis
