Info: Starting: Create HDL design files for synthesis
Info: ip-generate --project-directory=C:/Users/Florian/Documents/GitHub/Car2X/hardware/ --output-directory=C:/Users/Florian/Documents/GitHub/Car2X/hardware/nios_system/synthesis/ --file-set=QUARTUS_SYNTH --report-file=sopcinfo:C:/Users/Florian/Documents/GitHub/Car2X/hardware/nios_system.sopcinfo --report-file=html:C:/Users/Florian/Documents/GitHub/Car2X/hardware/nios_system.html --report-file=qip:C:/Users/Florian/Documents/GitHub/Car2X/hardware/nios_system/synthesis/nios_system.qip --report-file=cmp:C:/Users/Florian/Documents/GitHub/Car2X/hardware/nios_system.cmp --system-info=DEVICE_FAMILY="Cyclone IV E" --system-info=DEVICE=EP4CE115F29C7 --system-info=DEVICE_SPEEDGRADE=7 --component-file=C:/Users/Florian/Documents/GitHub/Car2X/hardware/nios_system.qsys
Progress: Loading hardware/nios_system.qsys
Progress: Reading input file
Progress: Adding sys_clk [clock_source 12.1]
Progress: Parameterizing module sys_clk
Progress: Adding com_nios [altera_nios2_qsys 12.1]
Progress: Parameterizing module com_nios
Progress: Adding jtaguart_0 [altera_avalon_jtag_uart 12.1]
Progress: Parameterizing module jtaguart_0
Progress: Adding carControl_nios [altera_nios2_qsys 12.1]
Progress: Parameterizing module carControl_nios
Progress: Adding shared_memory [altera_avalon_onchip_memory2 12.1]
Progress: Parameterizing module shared_memory
Progress: Adding shared_memory_mutex [altera_avalon_mutex 12.1]
Progress: Parameterizing module shared_memory_mutex
Progress: Adding jtaguart_1 [altera_avalon_jtag_uart 12.1]
Progress: Parameterizing module jtaguart_1
Progress: Adding com_timer [altera_avalon_timer 12.1]
Progress: Parameterizing module com_timer
Progress: Adding com_led [altera_avalon_pio 12.1]
Progress: Parameterizing module com_led
Progress: Adding com_memory [altera_avalon_new_sdram_controller 12.1]
Progress: Parameterizing module com_memory
Progress: Adding com_sdram_clk [altera_up_clocks 12.0]
Progress: Parameterizing module com_sdram_clk
Progress: Adding onchip_memory2_0 [altera_avalon_onchip_memory2 12.1]
Progress: Parameterizing module onchip_memory2_0
Progress: Adding com_ocmemory [altera_avalon_onchip_memory2 12.1]
Progress: Parameterizing module com_ocmemory
Progress: Adding ethernet_subsystem [ethernet_system 1.0]
Progress: Parameterizing module ethernet_subsystem
Progress: Building connections
Progress: Parameterizing connections
Progress: Validating
Progress: Done reading input file
Info: nios_system.shared_memory: Tightly Coupled Memory operation is not supported with s2 Avalon interface during single clock operation.   
Info: nios_system.shared_memory: Memory will be initialized from shared_memory.hex
Info: nios_system.onchip_memory2_0: Memory will be initialized from onchip_memory2_0.hex
Info: nios_system.com_ocmemory: Memory will be initialized from com_ocmemory.hex
Info: nios_system.ethernet_subsystem.tse_mac: Please apply the Quartus II and TimeQuest SDC constraints as mentioned in user guide
Info: nios_system.ethernet_subsystem.descriptor_memory: Memory will be initialized from descriptor_memory.hex
Info: nios_system: Generating nios_system "nios_system" for QUARTUS_SYNTH
Info: pipeline_bridge_swap_transform: After transform: 13 modules, 68 connections
Info: No custom instruction connections, skipping transform 
Info: merlin_translator_transform: After transform: 32 modules, 152 connections
Info: merlin_domain_transform: After transform: 65 modules, 402 connections
Info: merlin_router_transform: After transform: 84 modules, 486 connections
Info: merlin_traffic_limiter_transform: After transform: 87 modules, 504 connections
Info: merlin_burst_transform: After transform: 97 modules, 547 connections
Info: reset_adaptation_transform: After transform: 101 modules, 395 connections
Info: merlin_network_to_switch_transform: After transform: 138 modules, 475 connections
Info: limiter_update_transform: After transform: 138 modules, 478 connections
Info: merlin_interrupt_mapper_transform: After transform: 140 modules, 484 connections
Info: com_nios: Starting RTL generation for module 'nios_system_com_nios'
Info: com_nios:   Generation command is [exec C:/altera/12.1/quartus/../ip/altera/nios2_ip/altera_nios2/eperl.exe -I C:/altera/12.1/quartus/common/ip/altera/common/perl/5.8.3 -I C:/altera/12.1/quartus/sopc_builder/bin/europa -I C:/altera/12.1/quartus/sopc_builder/bin/perl_lib -I C:/altera/12.1/quartus/sopc_builder/bin -I C:/altera/12.1/quartus/../ip/altera/nios2_ip/altera_nios2/cpu_lib -I C:/altera/12.1/quartus/../ip/altera/nios2_ip/altera_nios2/nios_lib -I C:/altera/12.1/quartus/../ip/altera/nios2_ip/altera_nios2 -I C:/altera/12.1/quartus/../ip/altera/nios2_ip/altera_nios2 -- C:/altera/12.1/quartus/../ip/altera/nios2_ip/altera_nios2/generate_rtl.epl --name=nios_system_com_nios --dir=C:/Users/Florian/AppData/Local/Temp/alt6251_946301332517717579.dir/0067_com_nios_gen/ --quartus_dir=C:/altera/12.1/quartus --verilog --config=C:/Users/Florian/AppData/Local/Temp/alt6251_946301332517717579.dir/0067_com_nios_gen//nios_system_com_nios_processor_configuration.pl  --do_build_sim=0    --bogus  ]
Info: com_nios: # 2014.06.30 20:35:21 (*) Starting Nios II generation
Info: com_nios: # 2014.06.30 20:35:21 (*)   Checking for plaintext license.
Info: com_nios: # 2014.06.30 20:35:21 (*)   Couldn't query license setup in Quartus directory C:/altera/12.1/quartus
Info: com_nios: # 2014.06.30 20:35:21 (*)   Defaulting to contents of LM_LICENSE_FILE environment variable
Info: com_nios: # 2014.06.30 20:35:21 (*)   LM_LICENSE_FILE environment variable is empty
Info: com_nios: # 2014.06.30 20:35:21 (*)   Plaintext license not found.
Info: com_nios: # 2014.06.30 20:35:21 (*)   Checking for encrypted license (non-evaluation).
Info: com_nios: # 2014.06.30 20:35:21 (*)   Couldn't query license setup in Quartus directory C:/altera/12.1/quartus
Info: com_nios: # 2014.06.30 20:35:21 (*)   Defaulting to contents of LM_LICENSE_FILE environment variable
Info: com_nios: # 2014.06.30 20:35:21 (*)   LM_LICENSE_FILE environment variable is empty
Info: com_nios: # 2014.06.30 20:35:21 (*)   Encrypted license not found.  Defaulting to OCP evaluation license (produces a time-limited SOF)
Info: com_nios: # 2014.06.30 20:35:21 (*)   Elaborating CPU configuration settings
Info: com_nios: # 2014.06.30 20:35:21 (*)   Creating all objects for CPU
Info: com_nios: # 2014.06.30 20:35:21 (*)     Testbench
Info: com_nios: # 2014.06.30 20:35:22 (*)     Instruction decoding
Info: com_nios: # 2014.06.30 20:35:22 (*)       Instruction fields
Info: com_nios: # 2014.06.30 20:35:22 (*)       Instruction decodes
Info: com_nios: # 2014.06.30 20:35:23 (*)       Signals for RTL simulation waveforms
Info: com_nios: # 2014.06.30 20:35:23 (*)       Instruction controls
Info: com_nios: # 2014.06.30 20:35:23 (*)     Pipeline frontend
Info: com_nios: # 2014.06.30 20:35:23 (*)     Pipeline backend
Info: com_nios: # 2014.06.30 20:35:26 (*)   Generating RTL from CPU objects
Info: com_nios: # 2014.06.30 20:35:31 (*)   Creating encrypted RTL
Info: com_nios: # 2014.06.30 20:35:32 (*) Done Nios II generation
Info: com_nios: Done RTL generation for module 'nios_system_com_nios'
Info: com_nios: "nios_system" instantiated altera_nios2_qsys "com_nios"
Info: Starting classic module elaboration.
Qt: Untested Windows version 6.2 detected!
"c:/altera/12.1/quartus/bin/jre/bin/java.exe" -Xmx512M -classpath "c:/altera/12.1/quartus/sopc_builder/bin/sopc_builder.jar;c:/altera/12.1/quartus/sopc_builder/bin/PinAssigner.jar;c:/altera/12.1/quartus/sopc_builder/bin/sopc_wizard.jar;c:/altera/12.1/quartus/sopc_builder/bin/jptf.jar" sopc_builder.sopc_builder  -d"c:/altera/12.1/quartus/sopc_builder" -notalkback=1 -projectnameyysystem.qpf -projectpathC:/Users/Florian/AppData/Local/Temp/alt6251_946301332517717579.dir/0068_sopclgen  --no_splash --refresh C:/Users/Florian/AppData/Local/Temp/alt6251_946301332517717579.dir/0068_sopclgen/yysystem.v --quartus_dir="c:/altera/12.1/quartus" --sopc_perl="c:/altera/12.1/quartus/bin/perl" --sopc_lib_path="++c:/altera/12.1/quartus/../ip/altera/sopc_builder_ip+c:/altera/12.1/quartus/../ip/altera/nios2_ip"
Info: Finished elaborating classic module.
Executing: C:/altera/12.1/quartus//sopc_builder/bin/sopc_builder --classic --generate C:/Users/Florian/AppData/Local/Temp/alt6251_946301332517717579.dir/0068_sopclgen/yysystem.ptf
Info: Running sopc_builder...
Qt: Untested Windows version 6.2 detected!
"c:/altera/12.1/quartus/bin/jre/bin/java.exe" -Xmx512M -classpath "c:/altera/12.1/quartus/sopc_builder/bin/sopc_builder.jar;c:/altera/12.1/quartus/sopc_builder/bin/PinAssigner.jar;c:/altera/12.1/quartus/sopc_builder/bin/sopc_wizard.jar;c:/altera/12.1/quartus/sopc_builder/bin/jptf.jar" sopc_builder.sopc_builder  -d"c:/altera/12.1/quartus/sopc_builder" -notalkback=1 -projectnameyysystem.qpf -projectpathC:/Users/Florian/AppData/Local/Temp/alt6251_946301332517717579.dir/0068_sopclgen  --generate C:/Users/Florian/AppData/Local/Temp/alt6251_946301332517717579.dir/0068_sopclgen/yysystem.v --quartus_dir="c:/altera/12.1/quartus" --sopc_perl="c:/altera/12.1/quartus/bin/perl" --sopc_lib_path="++c:/altera/12.1/quartus/../ip/altera/sopc_builder_ip+c:/altera/12.1/quartus/../ip/altera/nios2_ip"
No .sopc_builder configuration file(!)
.
# 2014.06.30 20:35:39 (*) Success: sopc_builder finished.
Info: jtaguart_0: "nios_system" instantiated altera_avalon_jtag_uart "jtaguart_0"
Info: carControl_nios: Starting RTL generation for module 'nios_system_carControl_nios'
Info: carControl_nios:   Generation command is [exec C:/altera/12.1/quartus/../ip/altera/nios2_ip/altera_nios2/eperl.exe -I C:/altera/12.1/quartus/common/ip/altera/common/perl/5.8.3 -I C:/altera/12.1/quartus/sopc_builder/bin/europa -I C:/altera/12.1/quartus/sopc_builder/bin/perl_lib -I C:/altera/12.1/quartus/sopc_builder/bin -I C:/altera/12.1/quartus/../ip/altera/nios2_ip/altera_nios2/cpu_lib -I C:/altera/12.1/quartus/../ip/altera/nios2_ip/altera_nios2/nios_lib -I C:/altera/12.1/quartus/../ip/altera/nios2_ip/altera_nios2 -I C:/altera/12.1/quartus/../ip/altera/nios2_ip/altera_nios2 -- C:/altera/12.1/quartus/../ip/altera/nios2_ip/altera_nios2/generate_rtl.epl --name=nios_system_carControl_nios --dir=C:/Users/Florian/AppData/Local/Temp/alt6251_946301332517717579.dir/0069_carControl_nios_gen/ --quartus_dir=C:/altera/12.1/quartus --verilog --config=C:/Users/Florian/AppData/Local/Temp/alt6251_946301332517717579.dir/0069_carControl_nios_gen//nios_system_carControl_nios_processor_configuration.pl  --do_build_sim=0    --bogus  ]
Info: carControl_nios: # 2014.06.30 20:35:40 (*) Starting Nios II generation
Info: carControl_nios: # 2014.06.30 20:35:40 (*)   Checking for plaintext license.
Info: carControl_nios: # 2014.06.30 20:35:41 (*)   Couldn't query license setup in Quartus directory C:/altera/12.1/quartus
Info: carControl_nios: # 2014.06.30 20:35:41 (*)   Defaulting to contents of LM_LICENSE_FILE environment variable
Info: carControl_nios: # 2014.06.30 20:35:41 (*)   LM_LICENSE_FILE environment variable is empty
Info: carControl_nios: # 2014.06.30 20:35:41 (*)   Plaintext license not found.
Info: carControl_nios: # 2014.06.30 20:35:41 (*)   Checking for encrypted license (non-evaluation).
Info: carControl_nios: # 2014.06.30 20:35:41 (*)   Couldn't query license setup in Quartus directory C:/altera/12.1/quartus
Info: carControl_nios: # 2014.06.30 20:35:41 (*)   Defaulting to contents of LM_LICENSE_FILE environment variable
Info: carControl_nios: # 2014.06.30 20:35:41 (*)   LM_LICENSE_FILE environment variable is empty
Info: carControl_nios: # 2014.06.30 20:35:41 (*)   Encrypted license not found.  Defaulting to OCP evaluation license (produces a time-limited SOF)
Info: carControl_nios: # 2014.06.30 20:35:41 (*)   Elaborating CPU configuration settings
Info: carControl_nios: # 2014.06.30 20:35:41 (*)   Creating all objects for CPU
Info: carControl_nios: # 2014.06.30 20:35:42 (*)     Pipeline frontend
Info: carControl_nios: # 2014.06.30 20:35:44 (*)   Generating RTL from CPU objects
Info: carControl_nios: # 2014.06.30 20:35:49 (*)   Creating encrypted RTL
Info: carControl_nios: # 2014.06.30 20:35:50 (*) Done Nios II generation
Info: carControl_nios: Done RTL generation for module 'nios_system_carControl_nios'
Info: carControl_nios: "nios_system" instantiated altera_nios2_qsys "carControl_nios"
Info: Starting classic module elaboration.
Qt: Untested Windows version 6.2 detected!
"c:/altera/12.1/quartus/bin/jre/bin/java.exe" -Xmx512M -classpath "c:/altera/12.1/quartus/sopc_builder/bin/sopc_builder.jar;c:/altera/12.1/quartus/sopc_builder/bin/PinAssigner.jar;c:/altera/12.1/quartus/sopc_builder/bin/sopc_wizard.jar;c:/altera/12.1/quartus/sopc_builder/bin/jptf.jar" sopc_builder.sopc_builder  -d"c:/altera/12.1/quartus/sopc_builder" -notalkback=1 -projectnameyysystem.qpf -projectpathC:/Users/Florian/AppData/Local/Temp/alt6251_946301332517717579.dir/0070_sopclgen  --no_splash --refresh C:/Users/Florian/AppData/Local/Temp/alt6251_946301332517717579.dir/0070_sopclgen/yysystem.v --quartus_dir="c:/altera/12.1/quartus" --sopc_perl="c:/altera/12.1/quartus/bin/perl" --sopc_lib_path="++c:/altera/12.1/quartus/../ip/altera/sopc_builder_ip+c:/altera/12.1/quartus/../ip/altera/nios2_ip"
Info: Finished elaborating classic module.
Executing: C:/altera/12.1/quartus//sopc_builder/bin/sopc_builder --classic --generate C:/Users/Florian/AppData/Local/Temp/alt6251_946301332517717579.dir/0070_sopclgen/yysystem.ptf
Info: Running sopc_builder...
Qt: Untested Windows version 6.2 detected!
"c:/altera/12.1/quartus/bin/jre/bin/java.exe" -Xmx512M -classpath "c:/altera/12.1/quartus/sopc_builder/bin/sopc_builder.jar;c:/altera/12.1/quartus/sopc_builder/bin/PinAssigner.jar;c:/altera/12.1/quartus/sopc_builder/bin/sopc_wizard.jar;c:/altera/12.1/quartus/sopc_builder/bin/jptf.jar" sopc_builder.sopc_builder  -d"c:/altera/12.1/quartus/sopc_builder" -notalkback=1 -projectnameyysystem.qpf -projectpathC:/Users/Florian/AppData/Local/Temp/alt6251_946301332517717579.dir/0070_sopclgen  --generate C:/Users/Florian/AppData/Local/Temp/alt6251_946301332517717579.dir/0070_sopclgen/yysystem.v --quartus_dir="c:/altera/12.1/quartus" --sopc_perl="c:/altera/12.1/quartus/bin/perl" --sopc_lib_path="++c:/altera/12.1/quartus/../ip/altera/sopc_builder_ip+c:/altera/12.1/quartus/../ip/altera/nios2_ip"
No .sopc_builder configuration file(!)
.
# 2014.06.30 20:35:57 (*) Success: sopc_builder finished.
Info: shared_memory: "nios_system" instantiated altera_avalon_onchip_memory2 "shared_memory"
Info: Starting classic module elaboration.
Qt: Untested Windows version 6.2 detected!
"c:/altera/12.1/quartus/bin/jre/bin/java.exe" -Xmx512M -classpath "c:/altera/12.1/quartus/sopc_builder/bin/sopc_builder.jar;c:/altera/12.1/quartus/sopc_builder/bin/PinAssigner.jar;c:/altera/12.1/quartus/sopc_builder/bin/sopc_wizard.jar;c:/altera/12.1/quartus/sopc_builder/bin/jptf.jar" sopc_builder.sopc_builder  -d"c:/altera/12.1/quartus/sopc_builder" -notalkback=1 -projectnameyysystem.qpf -projectpathC:/Users/Florian/AppData/Local/Temp/alt6251_946301332517717579.dir/0071_sopclgen  --no_splash --refresh C:/Users/Florian/AppData/Local/Temp/alt6251_946301332517717579.dir/0071_sopclgen/yysystem.v --quartus_dir="c:/altera/12.1/quartus" --sopc_perl="c:/altera/12.1/quartus/bin/perl" --sopc_lib_path="++c:/altera/12.1/quartus/../ip/altera/sopc_builder_ip+c:/altera/12.1/quartus/../ip/altera/nios2_ip"
Info: Finished elaborating classic module.
Executing: C:/altera/12.1/quartus//sopc_builder/bin/sopc_builder --classic --generate C:/Users/Florian/AppData/Local/Temp/alt6251_946301332517717579.dir/0071_sopclgen/yysystem.ptf
Info: Running sopc_builder...
Qt: Untested Windows version 6.2 detected!
"c:/altera/12.1/quartus/bin/jre/bin/java.exe" -Xmx512M -classpath "c:/altera/12.1/quartus/sopc_builder/bin/sopc_builder.jar;c:/altera/12.1/quartus/sopc_builder/bin/PinAssigner.jar;c:/altera/12.1/quartus/sopc_builder/bin/sopc_wizard.jar;c:/altera/12.1/quartus/sopc_builder/bin/jptf.jar" sopc_builder.sopc_builder  -d"c:/altera/12.1/quartus/sopc_builder" -notalkback=1 -projectnameyysystem.qpf -projectpathC:/Users/Florian/AppData/Local/Temp/alt6251_946301332517717579.dir/0071_sopclgen  --generate C:/Users/Florian/AppData/Local/Temp/alt6251_946301332517717579.dir/0071_sopclgen/yysystem.v --quartus_dir="c:/altera/12.1/quartus" --sopc_perl="c:/altera/12.1/quartus/bin/perl" --sopc_lib_path="++c:/altera/12.1/quartus/../ip/altera/sopc_builder_ip+c:/altera/12.1/quartus/../ip/altera/nios2_ip"
No .sopc_builder configuration file(!)
.
# 2014.06.30 20:36:04 (*) Success: sopc_builder finished.
Info: shared_memory_mutex: "nios_system" instantiated altera_avalon_mutex "shared_memory_mutex"
Info: Starting classic module elaboration.
Qt: Untested Windows version 6.2 detected!
"c:/altera/12.1/quartus/bin/jre/bin/java.exe" -Xmx512M -classpath "c:/altera/12.1/quartus/sopc_builder/bin/sopc_builder.jar;c:/altera/12.1/quartus/sopc_builder/bin/PinAssigner.jar;c:/altera/12.1/quartus/sopc_builder/bin/sopc_wizard.jar;c:/altera/12.1/quartus/sopc_builder/bin/jptf.jar" sopc_builder.sopc_builder  -d"c:/altera/12.1/quartus/sopc_builder" -notalkback=1 -projectnameyysystem.qpf -projectpathC:/Users/Florian/AppData/Local/Temp/alt6251_946301332517717579.dir/0072_sopclgen  --no_splash --refresh C:/Users/Florian/AppData/Local/Temp/alt6251_946301332517717579.dir/0072_sopclgen/yysystem.v --quartus_dir="c:/altera/12.1/quartus" --sopc_perl="c:/altera/12.1/quartus/bin/perl" --sopc_lib_path="++c:/altera/12.1/quartus/../ip/altera/sopc_builder_ip+c:/altera/12.1/quartus/../ip/altera/nios2_ip"
Info: Finished elaborating classic module.
Executing: C:/altera/12.1/quartus//sopc_builder/bin/sopc_builder --classic --generate C:/Users/Florian/AppData/Local/Temp/alt6251_946301332517717579.dir/0072_sopclgen/yysystem.ptf
Info: Running sopc_builder...
Qt: Untested Windows version 6.2 detected!
"c:/altera/12.1/quartus/bin/jre/bin/java.exe" -Xmx512M -classpath "c:/altera/12.1/quartus/sopc_builder/bin/sopc_builder.jar;c:/altera/12.1/quartus/sopc_builder/bin/PinAssigner.jar;c:/altera/12.1/quartus/sopc_builder/bin/sopc_wizard.jar;c:/altera/12.1/quartus/sopc_builder/bin/jptf.jar" sopc_builder.sopc_builder  -d"c:/altera/12.1/quartus/sopc_builder" -notalkback=1 -projectnameyysystem.qpf -projectpathC:/Users/Florian/AppData/Local/Temp/alt6251_946301332517717579.dir/0072_sopclgen  --generate C:/Users/Florian/AppData/Local/Temp/alt6251_946301332517717579.dir/0072_sopclgen/yysystem.v --quartus_dir="c:/altera/12.1/quartus" --sopc_perl="c:/altera/12.1/quartus/bin/perl" --sopc_lib_path="++c:/altera/12.1/quartus/../ip/altera/sopc_builder_ip+c:/altera/12.1/quartus/../ip/altera/nios2_ip"
No .sopc_builder configuration file(!)
.
# 2014.06.30 20:36:10 (*) Success: sopc_builder finished.
Info: com_timer: "nios_system" instantiated altera_avalon_timer "com_timer"
Info: Starting classic module elaboration.
Qt: Untested Windows version 6.2 detected!
"c:/altera/12.1/quartus/bin/jre/bin/java.exe" -Xmx512M -classpath "c:/altera/12.1/quartus/sopc_builder/bin/sopc_builder.jar;c:/altera/12.1/quartus/sopc_builder/bin/PinAssigner.jar;c:/altera/12.1/quartus/sopc_builder/bin/sopc_wizard.jar;c:/altera/12.1/quartus/sopc_builder/bin/jptf.jar" sopc_builder.sopc_builder  -d"c:/altera/12.1/quartus/sopc_builder" -notalkback=1 -projectnameyysystem.qpf -projectpathC:/Users/Florian/AppData/Local/Temp/alt6251_946301332517717579.dir/0073_sopclgen  --no_splash --refresh C:/Users/Florian/AppData/Local/Temp/alt6251_946301332517717579.dir/0073_sopclgen/yysystem.v --quartus_dir="c:/altera/12.1/quartus" --sopc_perl="c:/altera/12.1/quartus/bin/perl" --sopc_lib_path="++c:/altera/12.1/quartus/../ip/altera/sopc_builder_ip+c:/altera/12.1/quartus/../ip/altera/nios2_ip"
Info: Finished elaborating classic module.
Executing: C:/altera/12.1/quartus//sopc_builder/bin/sopc_builder --classic --generate C:/Users/Florian/AppData/Local/Temp/alt6251_946301332517717579.dir/0073_sopclgen/yysystem.ptf
Info: Running sopc_builder...
Qt: Untested Windows version 6.2 detected!
"c:/altera/12.1/quartus/bin/jre/bin/java.exe" -Xmx512M -classpath "c:/altera/12.1/quartus/sopc_builder/bin/sopc_builder.jar;c:/altera/12.1/quartus/sopc_builder/bin/PinAssigner.jar;c:/altera/12.1/quartus/sopc_builder/bin/sopc_wizard.jar;c:/altera/12.1/quartus/sopc_builder/bin/jptf.jar" sopc_builder.sopc_builder  -d"c:/altera/12.1/quartus/sopc_builder" -notalkback=1 -projectnameyysystem.qpf -projectpathC:/Users/Florian/AppData/Local/Temp/alt6251_946301332517717579.dir/0073_sopclgen  --generate C:/Users/Florian/AppData/Local/Temp/alt6251_946301332517717579.dir/0073_sopclgen/yysystem.v --quartus_dir="c:/altera/12.1/quartus" --sopc_perl="c:/altera/12.1/quartus/bin/perl" --sopc_lib_path="++c:/altera/12.1/quartus/../ip/altera/sopc_builder_ip+c:/altera/12.1/quartus/../ip/altera/nios2_ip"
No .sopc_builder configuration file(!)
.
# 2014.06.30 20:36:15 (*) Success: sopc_builder finished.
Info: com_led: "nios_system" instantiated altera_avalon_pio "com_led"
Info: Starting classic module elaboration.
Qt: Untested Windows version 6.2 detected!
"c:/altera/12.1/quartus/bin/jre/bin/java.exe" -Xmx512M -classpath "c:/altera/12.1/quartus/sopc_builder/bin/sopc_builder.jar;c:/altera/12.1/quartus/sopc_builder/bin/PinAssigner.jar;c:/altera/12.1/quartus/sopc_builder/bin/sopc_wizard.jar;c:/altera/12.1/quartus/sopc_builder/bin/jptf.jar" sopc_builder.sopc_builder  -d"c:/altera/12.1/quartus/sopc_builder" -notalkback=1 -projectnameyysystem.qpf -projectpathC:/Users/Florian/AppData/Local/Temp/alt6251_946301332517717579.dir/0074_sopclgen  --no_splash --refresh C:/Users/Florian/AppData/Local/Temp/alt6251_946301332517717579.dir/0074_sopclgen/yysystem.v --quartus_dir="c:/altera/12.1/quartus" --sopc_perl="c:/altera/12.1/quartus/bin/perl" --sopc_lib_path="++c:/altera/12.1/quartus/../ip/altera/sopc_builder_ip+c:/altera/12.1/quartus/../ip/altera/nios2_ip"
Info: Finished elaborating classic module.
Executing: C:/altera/12.1/quartus//sopc_builder/bin/sopc_builder --classic --generate C:/Users/Florian/AppData/Local/Temp/alt6251_946301332517717579.dir/0074_sopclgen/yysystem.ptf
Info: Running sopc_builder...
Qt: Untested Windows version 6.2 detected!
"c:/altera/12.1/quartus/bin/jre/bin/java.exe" -Xmx512M -classpath "c:/altera/12.1/quartus/sopc_builder/bin/sopc_builder.jar;c:/altera/12.1/quartus/sopc_builder/bin/PinAssigner.jar;c:/altera/12.1/quartus/sopc_builder/bin/sopc_wizard.jar;c:/altera/12.1/quartus/sopc_builder/bin/jptf.jar" sopc_builder.sopc_builder  -d"c:/altera/12.1/quartus/sopc_builder" -notalkback=1 -projectnameyysystem.qpf -projectpathC:/Users/Florian/AppData/Local/Temp/alt6251_946301332517717579.dir/0074_sopclgen  --generate C:/Users/Florian/AppData/Local/Temp/alt6251_946301332517717579.dir/0074_sopclgen/yysystem.v --quartus_dir="c:/altera/12.1/quartus" --sopc_perl="c:/altera/12.1/quartus/bin/perl" --sopc_lib_path="++c:/altera/12.1/quartus/../ip/altera/sopc_builder_ip+c:/altera/12.1/quartus/../ip/altera/nios2_ip"
No .sopc_builder configuration file(!)
.
.
# 2014.06.30 20:36:20 (*) Running Test Generator Program for nios_system_com_memory
# 2014.06.30 20:36:22 (*) Success: sopc_builder finished.
Info: com_memory: "nios_system" instantiated altera_avalon_new_sdram_controller "com_memory"
Info: com_sdram_clk: Starting Generation of Required Clocks for DE-Series Boards
Info: com_sdram_clk: "nios_system" instantiated altera_up_clocks "com_sdram_clk"
Info: Starting classic module elaboration.
Qt: Untested Windows version 6.2 detected!
"c:/altera/12.1/quartus/bin/jre/bin/java.exe" -Xmx512M -classpath "c:/altera/12.1/quartus/sopc_builder/bin/sopc_builder.jar;c:/altera/12.1/quartus/sopc_builder/bin/PinAssigner.jar;c:/altera/12.1/quartus/sopc_builder/bin/sopc_wizard.jar;c:/altera/12.1/quartus/sopc_builder/bin/jptf.jar" sopc_builder.sopc_builder  -d"c:/altera/12.1/quartus/sopc_builder" -notalkback=1 -projectnameyysystem.qpf -projectpathC:/Users/Florian/AppData/Local/Temp/alt6251_946301332517717579.dir/0076_sopclgen  --no_splash --refresh C:/Users/Florian/AppData/Local/Temp/alt6251_946301332517717579.dir/0076_sopclgen/yysystem.v --quartus_dir="c:/altera/12.1/quartus" --sopc_perl="c:/altera/12.1/quartus/bin/perl" --sopc_lib_path="++c:/altera/12.1/quartus/../ip/altera/sopc_builder_ip+c:/altera/12.1/quartus/../ip/altera/nios2_ip"
Info: Finished elaborating classic module.
Executing: C:/altera/12.1/quartus//sopc_builder/bin/sopc_builder --classic --generate C:/Users/Florian/AppData/Local/Temp/alt6251_946301332517717579.dir/0076_sopclgen/yysystem.ptf
Info: Running sopc_builder...
Qt: Untested Windows version 6.2 detected!
"c:/altera/12.1/quartus/bin/jre/bin/java.exe" -Xmx512M -classpath "c:/altera/12.1/quartus/sopc_builder/bin/sopc_builder.jar;c:/altera/12.1/quartus/sopc_builder/bin/PinAssigner.jar;c:/altera/12.1/quartus/sopc_builder/bin/sopc_wizard.jar;c:/altera/12.1/quartus/sopc_builder/bin/jptf.jar" sopc_builder.sopc_builder  -d"c:/altera/12.1/quartus/sopc_builder" -notalkback=1 -projectnameyysystem.qpf -projectpathC:/Users/Florian/AppData/Local/Temp/alt6251_946301332517717579.dir/0076_sopclgen  --generate C:/Users/Florian/AppData/Local/Temp/alt6251_946301332517717579.dir/0076_sopclgen/yysystem.v --quartus_dir="c:/altera/12.1/quartus" --sopc_perl="c:/altera/12.1/quartus/bin/perl" --sopc_lib_path="++c:/altera/12.1/quartus/../ip/altera/sopc_builder_ip+c:/altera/12.1/quartus/../ip/altera/nios2_ip"
No .sopc_builder configuration file(!)
.
# 2014.06.30 20:36:29 (*) Success: sopc_builder finished.
Info: onchip_memory2_0: "nios_system" instantiated altera_avalon_onchip_memory2 "onchip_memory2_0"
Info: Starting classic module elaboration.
Qt: Untested Windows version 6.2 detected!
"c:/altera/12.1/quartus/bin/jre/bin/java.exe" -Xmx512M -classpath "c:/altera/12.1/quartus/sopc_builder/bin/sopc_builder.jar;c:/altera/12.1/quartus/sopc_builder/bin/PinAssigner.jar;c:/altera/12.1/quartus/sopc_builder/bin/sopc_wizard.jar;c:/altera/12.1/quartus/sopc_builder/bin/jptf.jar" sopc_builder.sopc_builder  -d"c:/altera/12.1/quartus/sopc_builder" -notalkback=1 -projectnameyysystem.qpf -projectpathC:/Users/Florian/AppData/Local/Temp/alt6251_946301332517717579.dir/0077_sopclgen  --no_splash --refresh C:/Users/Florian/AppData/Local/Temp/alt6251_946301332517717579.dir/0077_sopclgen/yysystem.v --quartus_dir="c:/altera/12.1/quartus" --sopc_perl="c:/altera/12.1/quartus/bin/perl" --sopc_lib_path="++c:/altera/12.1/quartus/../ip/altera/sopc_builder_ip+c:/altera/12.1/quartus/../ip/altera/nios2_ip"
Info: Finished elaborating classic module.
Executing: C:/altera/12.1/quartus//sopc_builder/bin/sopc_builder --classic --generate C:/Users/Florian/AppData/Local/Temp/alt6251_946301332517717579.dir/0077_sopclgen/yysystem.ptf
Info: Running sopc_builder...
Qt: Untested Windows version 6.2 detected!
"c:/altera/12.1/quartus/bin/jre/bin/java.exe" -Xmx512M -classpath "c:/altera/12.1/quartus/sopc_builder/bin/sopc_builder.jar;c:/altera/12.1/quartus/sopc_builder/bin/PinAssigner.jar;c:/altera/12.1/quartus/sopc_builder/bin/sopc_wizard.jar;c:/altera/12.1/quartus/sopc_builder/bin/jptf.jar" sopc_builder.sopc_builder  -d"c:/altera/12.1/quartus/sopc_builder" -notalkback=1 -projectnameyysystem.qpf -projectpathC:/Users/Florian/AppData/Local/Temp/alt6251_946301332517717579.dir/0077_sopclgen  --generate C:/Users/Florian/AppData/Local/Temp/alt6251_946301332517717579.dir/0077_sopclgen/yysystem.v --quartus_dir="c:/altera/12.1/quartus" --sopc_perl="c:/altera/12.1/quartus/bin/perl" --sopc_lib_path="++c:/altera/12.1/quartus/../ip/altera/sopc_builder_ip+c:/altera/12.1/quartus/../ip/altera/nios2_ip"
No .sopc_builder configuration file(!)
.
# 2014.06.30 20:36:35 (*) Success: sopc_builder finished.
Info: com_ocmemory: "nios_system" instantiated altera_avalon_onchip_memory2 "com_ocmemory"
Info: pipeline_bridge_swap_transform: After transform: 6 modules, 23 connections
Info: No custom instruction connections, skipping transform 
Info: merlin_translator_transform: After transform: 15 modules, 50 connections
Info: merlin_domain_transform: After transform: 30 modules, 126 connections
Info: merlin_router_transform: After transform: 39 modules, 153 connections
Info: merlin_traffic_limiter_transform: After transform: 40 modules, 157 connections
Info: reset_adaptation_transform: After transform: 41 modules, 159 connections
Info: merlin_network_to_switch_transform: After transform: 57 modules, 191 connections
Info: limiter_update_transform: After transform: 57 modules, 192 connections
Info: ethernet_subsystem: "nios_system" instantiated ethernet_system "ethernet_subsystem"
Info: com_nios_instruction_master_translator: "nios_system" instantiated altera_merlin_master_translator "com_nios_instruction_master_translator"
Info: com_nios_jtag_debug_module_translator: "nios_system" instantiated altera_merlin_slave_translator "com_nios_jtag_debug_module_translator"
Info: com_nios_instruction_master_translator_avalon_universal_master_0_agent: "nios_system" instantiated altera_merlin_master_agent "com_nios_instruction_master_translator_avalon_universal_master_0_agent"
Info: com_nios_jtag_debug_module_translator_avalon_universal_slave_0_agent: "nios_system" instantiated altera_merlin_slave_agent "com_nios_jtag_debug_module_translator_avalon_universal_slave_0_agent"
Info: com_nios_jtag_debug_module_translator_avalon_universal_slave_0_agent_rsp_fifo: "nios_system" instantiated altera_avalon_sc_fifo "com_nios_jtag_debug_module_translator_avalon_universal_slave_0_agent_rsp_fifo"
Info: addr_router: "nios_system" instantiated altera_merlin_router "addr_router"
Info: addr_router_001: "nios_system" instantiated altera_merlin_router "addr_router_001"
Info: addr_router_002: "nios_system" instantiated altera_merlin_router "addr_router_002"
Info: addr_router_003: "nios_system" instantiated altera_merlin_router "addr_router_003"
Info: addr_router_004: "nios_system" instantiated altera_merlin_router "addr_router_004"
Info: id_router: "nios_system" instantiated altera_merlin_router "id_router"
Info: id_router_001: "nios_system" instantiated altera_merlin_router "id_router_001"
Info: id_router_003: "nios_system" instantiated altera_merlin_router "id_router_003"
Info: id_router_005: "nios_system" instantiated altera_merlin_router "id_router_005"
Info: id_router_010: "nios_system" instantiated altera_merlin_router "id_router_010"
Info: id_router_011: "nios_system" instantiated altera_merlin_router "id_router_011"
Info: limiter: "nios_system" instantiated altera_merlin_traffic_limiter "limiter"
Info: burst_adapter: "nios_system" instantiated altera_merlin_burst_adapter "burst_adapter"
Info: rst_controller: "nios_system" instantiated altera_reset_controller "rst_controller"
Info: cmd_xbar_demux: "nios_system" instantiated altera_merlin_demultiplexer "cmd_xbar_demux"
Info: cmd_xbar_demux_001: "nios_system" instantiated altera_merlin_demultiplexer "cmd_xbar_demux_001"
Info: cmd_xbar_demux_002: "nios_system" instantiated altera_merlin_demultiplexer "cmd_xbar_demux_002"
Info: cmd_xbar_demux_003: "nios_system" instantiated altera_merlin_demultiplexer "cmd_xbar_demux_003"
Info: cmd_xbar_demux_004: "nios_system" instantiated altera_merlin_demultiplexer "cmd_xbar_demux_004"
Info: cmd_xbar_mux: "nios_system" instantiated altera_merlin_multiplexer "cmd_xbar_mux"
Info: cmd_xbar_mux_001: "nios_system" instantiated altera_merlin_multiplexer "cmd_xbar_mux_001"
Info: Reusing file C:/Users/Florian/Documents/GitHub/Car2X/hardware/nios_system/synthesis/submodules/altera_merlin_arbitrator.sv
Info: rsp_xbar_demux: "nios_system" instantiated altera_merlin_demultiplexer "rsp_xbar_demux"
Info: rsp_xbar_mux: "nios_system" instantiated altera_merlin_multiplexer "rsp_xbar_mux"
Info: Reusing file C:/Users/Florian/Documents/GitHub/Car2X/hardware/nios_system/synthesis/submodules/altera_merlin_arbitrator.sv
Info: rsp_xbar_mux_001: "nios_system" instantiated altera_merlin_multiplexer "rsp_xbar_mux_001"
Info: Reusing file C:/Users/Florian/Documents/GitHub/Car2X/hardware/nios_system/synthesis/submodules/altera_merlin_arbitrator.sv
Info: rsp_xbar_mux_002: "nios_system" instantiated altera_merlin_multiplexer "rsp_xbar_mux_002"
Info: Reusing file C:/Users/Florian/Documents/GitHub/Car2X/hardware/nios_system/synthesis/submodules/altera_merlin_arbitrator.sv
Info: rsp_xbar_mux_003: "nios_system" instantiated altera_merlin_multiplexer "rsp_xbar_mux_003"
Info: Reusing file C:/Users/Florian/Documents/GitHub/Car2X/hardware/nios_system/synthesis/submodules/altera_merlin_arbitrator.sv
Info: irq_mapper: "nios_system" instantiated altera_irq_mapper "irq_mapper"
Info: irq_mapper_001: "nios_system" instantiated altera_irq_mapper "irq_mapper_001"
Info: ethernet_bridge: "ethernet_subsystem" instantiated altera_avalon_mm_bridge "ethernet_bridge"
Info: tse_mac: Preparing to generate...
Info: tse_mac: Variation name : nios_system_ethernet_subsystem_tse_mac
Info: tse_mac: Variation language : Verilog HDL
Info: tse_mac: Output directory : C:\Users\Florian\AppData\Local\Temp\alt6251_946301332517717579.dir\0104_iptb_gen
Info: tse_mac: Generating HDL... 
Info: tse_mac: Generating MegaCore function top-level...
Info: tse_mac: Generating QIP file ...
Info: tse_mac: Updating user's project directory...
Info: tse_mac: HDL generated
Info: tse_mac: Generation successful.
Info: tse_mac: "ethernet_subsystem" instantiated triple_speed_ethernet "tse_mac"
Info: Starting classic module elaboration.
Qt: Untested Windows version 6.2 detected!
"c:/altera/12.1/quartus/bin/jre/bin/java.exe" -Xmx512M -classpath "c:/altera/12.1/quartus/sopc_builder/bin/sopc_builder.jar;c:/altera/12.1/quartus/sopc_builder/bin/PinAssigner.jar;c:/altera/12.1/quartus/sopc_builder/bin/sopc_wizard.jar;c:/altera/12.1/quartus/sopc_builder/bin/jptf.jar" sopc_builder.sopc_builder  -d"c:/altera/12.1/quartus/sopc_builder" -notalkback=1 -projectnameyysystem.qpf -projectpathC:/Users/Florian/AppData/Local/Temp/alt6251_946301332517717579.dir/0105_sopclgen  --no_splash --refresh C:/Users/Florian/AppData/Local/Temp/alt6251_946301332517717579.dir/0105_sopclgen/yysystem.v --quartus_dir="c:/altera/12.1/quartus" --sopc_perl="c:/altera/12.1/quartus/bin/perl" --sopc_lib_path="++c:/altera/12.1/quartus/../ip/altera/sopc_builder_ip+c:/altera/12.1/quartus/../ip/altera/nios2_ip"
Info: Finished elaborating classic module.
Executing: C:/altera/12.1/quartus//sopc_builder/bin/sopc_builder --classic --generate C:/Users/Florian/AppData/Local/Temp/alt6251_946301332517717579.dir/0105_sopclgen/yysystem.ptf
Info: Running sopc_builder...
Qt: Untested Windows version 6.2 detected!
"c:/altera/12.1/quartus/bin/jre/bin/java.exe" -Xmx512M -classpath "c:/altera/12.1/quartus/sopc_builder/bin/sopc_builder.jar;c:/altera/12.1/quartus/sopc_builder/bin/PinAssigner.jar;c:/altera/12.1/quartus/sopc_builder/bin/sopc_wizard.jar;c:/altera/12.1/quartus/sopc_builder/bin/jptf.jar" sopc_builder.sopc_builder  -d"c:/altera/12.1/quartus/sopc_builder" -notalkback=1 -projectnameyysystem.qpf -projectpathC:/Users/Florian/AppData/Local/Temp/alt6251_946301332517717579.dir/0105_sopclgen  --generate C:/Users/Florian/AppData/Local/Temp/alt6251_946301332517717579.dir/0105_sopclgen/yysystem.v --quartus_dir="c:/altera/12.1/quartus" --sopc_perl="c:/altera/12.1/quartus/bin/perl" --sopc_lib_path="++c:/altera/12.1/quartus/../ip/altera/sopc_builder_ip+c:/altera/12.1/quartus/../ip/altera/nios2_ip"
No .sopc_builder configuration file(!)
.
# 2014.06.30 20:36:51 (*) Success: sopc_builder finished.
Info: sgdma_rx: "ethernet_subsystem" instantiated altera_avalon_sgdma "sgdma_rx"
Info: Starting classic module elaboration.
Qt: Untested Windows version 6.2 detected!
"c:/altera/12.1/quartus/bin/jre/bin/java.exe" -Xmx512M -classpath "c:/altera/12.1/quartus/sopc_builder/bin/sopc_builder.jar;c:/altera/12.1/quartus/sopc_builder/bin/PinAssigner.jar;c:/altera/12.1/quartus/sopc_builder/bin/sopc_wizard.jar;c:/altera/12.1/quartus/sopc_builder/bin/jptf.jar" sopc_builder.sopc_builder  -d"c:/altera/12.1/quartus/sopc_builder" -notalkback=1 -projectnameyysystem.qpf -projectpathC:/Users/Florian/AppData/Local/Temp/alt6251_946301332517717579.dir/0106_sopclgen  --no_splash --refresh C:/Users/Florian/AppData/Local/Temp/alt6251_946301332517717579.dir/0106_sopclgen/yysystem.v --quartus_dir="c:/altera/12.1/quartus" --sopc_perl="c:/altera/12.1/quartus/bin/perl" --sopc_lib_path="++c:/altera/12.1/quartus/../ip/altera/sopc_builder_ip+c:/altera/12.1/quartus/../ip/altera/nios2_ip"
Info: Finished elaborating classic module.
Executing: C:/altera/12.1/quartus//sopc_builder/bin/sopc_builder --classic --generate C:/Users/Florian/AppData/Local/Temp/alt6251_946301332517717579.dir/0106_sopclgen/yysystem.ptf
Info: Running sopc_builder...
Qt: Untested Windows version 6.2 detected!
"c:/altera/12.1/quartus/bin/jre/bin/java.exe" -Xmx512M -classpath "c:/altera/12.1/quartus/sopc_builder/bin/sopc_builder.jar;c:/altera/12.1/quartus/sopc_builder/bin/PinAssigner.jar;c:/altera/12.1/quartus/sopc_builder/bin/sopc_wizard.jar;c:/altera/12.1/quartus/sopc_builder/bin/jptf.jar" sopc_builder.sopc_builder  -d"c:/altera/12.1/quartus/sopc_builder" -notalkback=1 -projectnameyysystem.qpf -projectpathC:/Users/Florian/AppData/Local/Temp/alt6251_946301332517717579.dir/0106_sopclgen  --generate C:/Users/Florian/AppData/Local/Temp/alt6251_946301332517717579.dir/0106_sopclgen/yysystem.v --quartus_dir="c:/altera/12.1/quartus" --sopc_perl="c:/altera/12.1/quartus/bin/perl" --sopc_lib_path="++c:/altera/12.1/quartus/../ip/altera/sopc_builder_ip+c:/altera/12.1/quartus/../ip/altera/nios2_ip"
No .sopc_builder configuration file(!)
.
# 2014.06.30 20:36:59 (*) Success: sopc_builder finished.
Info: sgdma_tx: "ethernet_subsystem" instantiated altera_avalon_sgdma "sgdma_tx"
Info: Starting classic module elaboration.
Qt: Untested Windows version 6.2 detected!
"c:/altera/12.1/quartus/bin/jre/bin/java.exe" -Xmx512M -classpath "c:/altera/12.1/quartus/sopc_builder/bin/sopc_builder.jar;c:/altera/12.1/quartus/sopc_builder/bin/PinAssigner.jar;c:/altera/12.1/quartus/sopc_builder/bin/sopc_wizard.jar;c:/altera/12.1/quartus/sopc_builder/bin/jptf.jar" sopc_builder.sopc_builder  -d"c:/altera/12.1/quartus/sopc_builder" -notalkback=1 -projectnameyysystem.qpf -projectpathC:/Users/Florian/AppData/Local/Temp/alt6251_946301332517717579.dir/0107_sopclgen  --no_splash --refresh C:/Users/Florian/AppData/Local/Temp/alt6251_946301332517717579.dir/0107_sopclgen/yysystem.v --quartus_dir="c:/altera/12.1/quartus" --sopc_perl="c:/altera/12.1/quartus/bin/perl" --sopc_lib_path="++c:/altera/12.1/quartus/../ip/altera/sopc_builder_ip+c:/altera/12.1/quartus/../ip/altera/nios2_ip"
Info: Finished elaborating classic module.
Executing: C:/altera/12.1/quartus//sopc_builder/bin/sopc_builder --classic --generate C:/Users/Florian/AppData/Local/Temp/alt6251_946301332517717579.dir/0107_sopclgen/yysystem.ptf
Info: Running sopc_builder...
Qt: Untested Windows version 6.2 detected!
"c:/altera/12.1/quartus/bin/jre/bin/java.exe" -Xmx512M -classpath "c:/altera/12.1/quartus/sopc_builder/bin/sopc_builder.jar;c:/altera/12.1/quartus/sopc_builder/bin/PinAssigner.jar;c:/altera/12.1/quartus/sopc_builder/bin/sopc_wizard.jar;c:/altera/12.1/quartus/sopc_builder/bin/jptf.jar" sopc_builder.sopc_builder  -d"c:/altera/12.1/quartus/sopc_builder" -notalkback=1 -projectnameyysystem.qpf -projectpathC:/Users/Florian/AppData/Local/Temp/alt6251_946301332517717579.dir/0107_sopclgen  --generate C:/Users/Florian/AppData/Local/Temp/alt6251_946301332517717579.dir/0107_sopclgen/yysystem.v --quartus_dir="c:/altera/12.1/quartus" --sopc_perl="c:/altera/12.1/quartus/bin/perl" --sopc_lib_path="++c:/altera/12.1/quartus/../ip/altera/sopc_builder_ip+c:/altera/12.1/quartus/../ip/altera/nios2_ip"
No .sopc_builder configuration file(!)
..
# 2014.06.30 20:37:08 (*) Success: sopc_builder finished.
Info: descriptor_memory: "ethernet_subsystem" instantiated altera_avalon_onchip_memory2 "descriptor_memory"
Info: addr_router: "ethernet_subsystem" instantiated altera_merlin_router "addr_router"
Info: id_router: "ethernet_subsystem" instantiated altera_merlin_router "id_router"
Info: addr_router_001: "ethernet_subsystem" instantiated altera_merlin_router "addr_router_001"
Info: id_router_003: "ethernet_subsystem" instantiated altera_merlin_router "id_router_003"
Info: cmd_xbar_demux: "ethernet_subsystem" instantiated altera_merlin_demultiplexer "cmd_xbar_demux"
Info: rsp_xbar_demux: "ethernet_subsystem" instantiated altera_merlin_demultiplexer "rsp_xbar_demux"
Info: rsp_xbar_mux: "ethernet_subsystem" instantiated altera_merlin_multiplexer "rsp_xbar_mux"
Info: Reusing file C:/Users/Florian/Documents/GitHub/Car2X/hardware/nios_system/synthesis/submodules/altera_merlin_arbitrator.sv
Info: cmd_xbar_demux_001: "ethernet_subsystem" instantiated altera_merlin_demultiplexer "cmd_xbar_demux_001"
Info: cmd_xbar_mux_003: "ethernet_subsystem" instantiated altera_merlin_multiplexer "cmd_xbar_mux_003"
Info: Reusing file C:/Users/Florian/Documents/GitHub/Car2X/hardware/nios_system/synthesis/submodules/altera_merlin_arbitrator.sv
Info: rsp_xbar_demux_003: "ethernet_subsystem" instantiated altera_merlin_demultiplexer "rsp_xbar_demux_003"
Info: nios_system: Done nios_system" with 61 modules, 438 files, 12582720 bytes
Info: ip-generate succeeded.
Info: Finished: Create HDL design files for synthesis
