\BOOKMARK [0][-]{chapter.1}{1 Introduction}{}% 1
\BOOKMARK [1][-]{section.1.1}{1.1 Motivation}{chapter.1}% 2
\BOOKMARK [1][-]{section.1.2}{1.2 Problem description}{chapter.1}% 3
\BOOKMARK [1][-]{section.1.3}{1.3 Approach}{chapter.1}% 4
\BOOKMARK [0][-]{chapter.2}{2 Concept}{}% 5
\BOOKMARK [1][-]{section.2.1}{2.1 Hardware structure}{chapter.2}% 6
\BOOKMARK [1][-]{section.2.2}{2.2 Communication Flow}{chapter.2}% 7
\BOOKMARK [1][-]{section.2.3}{2.3 Car2X Protocol}{chapter.2}% 8
\BOOKMARK [0][-]{chapter.3}{3 Hardware}{}% 9
\BOOKMARK [1][-]{section.3.1}{3.1 Topology}{chapter.3}% 10
\BOOKMARK [1][-]{section.3.2}{3.2 Configuration QSYS}{chapter.3}% 11
\BOOKMARK [1][-]{section.3.3}{3.3 Configuration Top Level File}{chapter.3}% 12
\BOOKMARK [1][-]{section.3.4}{3.4 Problems}{chapter.3}% 13
\BOOKMARK [1][-]{section.3.5}{3.5 WiPort}{chapter.3}% 14
\BOOKMARK [0][-]{chapter.4}{4 Software}{}% 15
\BOOKMARK [1][-]{section.4.1}{4.1 Communication Core}{chapter.4}% 16
\BOOKMARK [1][-]{section.4.2}{4.2 CarControl Core}{chapter.4}% 17
\BOOKMARK [1][-]{section.4.3}{4.3 Shared memory Controller}{chapter.4}% 18
\BOOKMARK [0][-]{chapter.5}{5 Conclusion}{}% 19
\BOOKMARK [0][-]{appendix.A}{A List of Symbols and Abbreviations}{}% 20
\BOOKMARK [0][-]{appendix.B}{B Stuff...}{}% 21
\BOOKMARK [0][-]{appendix*.3}{Bibliography}{}% 22
